#
# A fatal error has been detected by the Java Runtime Environment:
#
#  EXCEPTION_ACCESS_VIOLATION (0xc0000005) at pc=0x00007ffe1e5547d2, pid=24732, tid=23772
#
# JRE version: OpenJDK Runtime Environment Corretto-17.0.5.8.1 (17.0.5+8) (build 17.0.5+8-LTS)
# Java VM: OpenJDK 64-Bit Server VM Corretto-17.0.5.8.1 (17.0.5+8-LTS, mixed mode, sharing, tiered, compressed oops, compressed class ptrs, g1 gc, windows-amd64)
# Problematic frame:
# C  [atio6axx.dll+0xc747d2]
#
# No core dump will be written. Minidumps are not enabled by default on client versions of Windows
#
# If you would like to submit a bug report, please visit:
#   https://github.com/corretto/corretto-17/issues/
# The crash happened outside the Java Virtual Machine in native code.
# See problematic frame for where to report the bug.
#

---------------  S U M M A R Y ------------

Command Line: -Dfile.encoding=windows-1252 -Duser.country=IN -Duser.language=en -Duser.variant com.mygdx.game.DesktopLauncher

Host: AMD Ryzen 5 5600U with Radeon Graphics         , 12 cores, 15G,  Windows 11 , 64 bit Build 22621 (10.0.22621.755)
Time: Fri Nov 25 17:31:32 2022 India Standard Time elapsed time: 7.112727 seconds (0d 0h 0m 7s)

---------------  T H R E A D  ---------------

Current thread (0x000001e328ca1a20):  JavaThread "main" [_thread_in_native, id=23772, stack(0x000000a961e00000,0x000000a961f00000)]

Stack: [0x000000a961e00000,0x000000a961f00000],  sp=0x000000a961efea30,  free space=1018k
Native frames: (J=compiled Java code, j=interpreted, Vv=VM code, C=native code)
C  [atio6axx.dll+0xc747d2]

Java frames: (J=compiled Java code, j=interpreted, Vv=VM code)
j  org.lwjgl.opengl.GL11C.glDrawArrays(III)V+0
J 1050 c1 com.badlogic.gdx.graphics.Mesh.render(Lcom/badlogic/gdx/graphics/glutils/ShaderProgram;IIIZ)V (323 bytes) @ 0x000001e330ef2e8c [0x000001e330ef18e0+0x00000000000015ac]
j  com.badlogic.gdx.graphics.Mesh.render(Lcom/badlogic/gdx/graphics/glutils/ShaderProgram;I)V+31
j  com.badlogic.gdx.graphics.glutils.ImmediateModeRenderer20.flush()V+87
j  com.badlogic.gdx.graphics.glutils.ImmediateModeRenderer20.end()V+1
j  com.badlogic.gdx.graphics.glutils.ShapeRenderer.end()V+4
j  com.mygdx.game.BattleArena.render(F)V+193
J 1241 c1 com.badlogic.gdx.backends.lwjgl3.Lwjgl3Window.update()Z (217 bytes) @ 0x000001e330f4d4d4 [0x000001e330f4c780+0x0000000000000d54]
j  com.badlogic.gdx.backends.lwjgl3.Lwjgl3Application.loop()V+111
j  com.badlogic.gdx.backends.lwjgl3.Lwjgl3Application.<init>(Lcom/badlogic/gdx/ApplicationListener;Lcom/badlogic/gdx/backends/lwjgl3/Lwjgl3ApplicationConfiguration;)V+269
j  com.mygdx.game.DesktopLauncher.main([Ljava/lang/String;)V+42
v  ~StubRoutines::call_stub

siginfo: EXCEPTION_ACCESS_VIOLATION (0xc0000005), reading address 0x000000000000000c


Register to memory mapping:

RIP=0x00007ffe1e5547d2 atio6axx.dll
RAX=0x00000000000354d0 is an unknown value
RBX=0x0000000000000004 is an unknown value
RCX=0x000001e351aa1ed0 points into unknown readable memory: 0x430c000043d20000 | 00 00 d2 43 00 00 0c 43
RDX=0xfffffe1cae55e13c is an unknown value
RSP=0x000000a961efea30 is pointing into the stack for thread: 0x000001e328ca1a20
RBP=0x000001e34ee368a8 points into unknown readable memory: 0x00007ffe200d7a68 | 68 7a 0d 20 fe 7f 00 00
RSI=0x0000000000000006 is an unknown value
RDI=0x0000000000000018 is an unknown value
R8 =0x000001e351aa1ed1 points into unknown readable memory: 00 d2 43 00 00 0c 43
R9 =0x000000000000000c is an unknown value
R10=0x000001e351aa1ed0 points into unknown readable memory: 0x430c000043d20000 | 00 00 d2 43 00 00 0c 43
R11=0x000001e351aa1ed0 points into unknown readable memory: 0x430c000043d20000 | 00 00 d2 43 00 00 0c 43
R12=0x0000000000000006 is an unknown value
R13=0x0 is NULL
R14=0x0000000000000a88 is an unknown value
R15=0x000001e34ee13a10 points into unknown readable memory: 0x000001e34ee82860 | 60 28 e8 4e e3 01 00 00


Registers:
RAX=0x00000000000354d0, RBX=0x0000000000000004, RCX=0x000001e351aa1ed0, RDX=0xfffffe1cae55e13c
RSP=0x000000a961efea30, RBP=0x000001e34ee368a8, RSI=0x0000000000000006, RDI=0x0000000000000018
R8 =0x000001e351aa1ed1, R9 =0x000000000000000c, R10=0x000001e351aa1ed0, R11=0x000001e351aa1ed0
R12=0x0000000000000006, R13=0x0000000000000000, R14=0x0000000000000a88, R15=0x000001e34ee13a10
RIP=0x00007ffe1e5547d2, EFLAGS=0x0000000000010287

Top of Stack: (sp=0x000000a961efea30)
0x000000a961efea30:   000001e353850080 00007ffe1f0be128
0x000000a961efea40:   0000000023bec600 0000000000000001
0x000000a961efea50:   00007ffe1d8e0000 000001e34f398f30
0x000000a961efea60:   0000000000000001 00007ffe1f0e7857
0x000000a961efea70:   000001e34f398f40 000000a961efeb81
0x000000a961efea80:   0000000000000001 000000a961efeb81
0x000000a961efea90:   000001e34f176230 00007ffe1f0d8a71
0x000000a961efeaa0:   000001e300000000 000001e3307c41e4
0x000000a961efeab0:   000001e300000001 0000000000000000
0x000000a961efeac0:   000001e300000001 000001e34f176230
0x000000a961efead0:   000001e353932420 0000000800000000
0x000000a961efeae0:   00007ffe230df530 0000000000000010
0x000000a961efeaf0:   0000000000000008 000001e353dd3468
0x000000a961efeb00:   0000000000000000 000001e353dd3430
0x000000a961efeb10:   000000071a2539e8 000000071a2539f0
0x000000a961efeb20:   000001e328ca1a20 000001e3307c41e4 

Instructions: (pc=0x00007ffe1e5547d2)
0x00007ffe1e5546d2:   00 00 00 44 0f 45 d0 41 8b 87 0c 08 00 00 45 8b
0x00007ffe1e5546e2:   0c 2e 44 0f af ce 4d 03 0c 2a 45 39 04 2e 75 75
0x00007ffe1e5546f2:   8b d8 49 03 9f 00 08 00 00 49 3b d9 0f 84 6e 01
0x00007ffe1e554702:   00 00 48 8b cb 81 ff 00 02 00 00 76 10 44 8b c7
0x00007ffe1e554712:   49 8b d1 e8 36 e9 e0 ff e9 53 01 00 00 8b d7 44
0x00007ffe1e554722:   8b c7 83 e2 f8 44 2b c2 c1 ea 03 85 d2 74 13 49
0x00007ffe1e554732:   8b 01 49 83 c1 08 48 89 01 48 83 c1 08 83 c2 ff
0x00007ffe1e554742:   75 ed 45 85 c0 0f 84 25 01 00 00 49 2b c9 41 0f
0x00007ffe1e554752:   b6 01 41 88 04 09 4d 8d 49 01 41 83 c0 ff 75 ee
0x00007ffe1e554762:   e9 0b 01 00 00 49 8b 8f 00 08 00 00 4c 8d 1c 01
0x00007ffe1e554772:   4d 8b d3 45 85 e4 0f 84 87 00 00 00 49 8b f4 0f
0x00007ffe1e554782:   1f 40 00 66 66 66 0f 1f 84 00 00 00 00 00 41 8b
0x00007ffe1e554792:   d8 49 8b d1 4d 8d 43 f9 49 8b cb 4c 03 c3 4d 3b
0x00007ffe1e5547a2:   d8 73 1e 66 66 66 0f 1f 84 00 00 00 00 00 48 8b
0x00007ffe1e5547b2:   02 48 83 c2 08 48 89 01 48 83 c1 08 49 3b c8 72
0x00007ffe1e5547c2:   ed 4d 8d 43 fd 4c 03 c3 49 3b c8 73 11 48 2b d1
0x00007ffe1e5547d2:   8b 04 11 89 01 48 83 c1 04 49 3b c8 72 f2 44 8b
0x00007ffe1e5547e2:   85 e0 29 00 00 41 8b 04 2e 4d 03 d8 4c 03 c8 48
0x00007ffe1e5547f2:   83 ee 01 75 99 41 8b 87 0c 08 00 00 49 8b 8f 00
0x00007ffe1e554802:   08 00 00 8b d8 48 03 d9 49 3b da 74 63 48 8b cb
0x00007ffe1e554812:   81 ff 00 02 00 00 76 0d 44 8b c7 49 8b d2 e8 2b
0x00007ffe1e554822:   e8 e0 ff eb 4b 8b d7 44 8b c7 83 e2 f8 44 2b c2
0x00007ffe1e554832:   c1 ea 03 85 d2 74 1a 0f 1f 80 00 00 00 00 49 8b
0x00007ffe1e554842:   02 49 83 c2 08 48 89 01 48 83 c1 08 83 c2 ff 75
0x00007ffe1e554852:   ed 45 85 c0 74 1a 49 2b ca 0f 1f 44 00 00 41 0f
0x00007ffe1e554862:   b6 02 41 88 04 0a 4d 8d 52 01 41 83 c0 ff 75 ee
0x00007ffe1e554872:   41 f6 87 10 08 00 00 04 74 26 49 8b 8f d0 07 00
0x00007ffe1e554882:   00 45 8b 87 0c 08 00 00 49 8b 97 e0 07 00 00 44
0x00007ffe1e554892:   8b cf 48 8b 49 18 48 89 5c 24 20 e8 de 21 73 00
0x00007ffe1e5548a2:   41 01 bf 0c 08 00 00 e9 59 02 00 00 49 d1 e9 4c
0x00007ffe1e5548b2:   8d 5c 24 30 4c 89 ac 24 50 04 00 00 45 33 ed 49
0x00007ffe1e5548c2:   0f bc d1 45 8d 55 01 0f 95 c0 84 c0 74 09 8b ca 


Stack slot to memory mapping:
stack at sp + 0 slots: 0x000001e353850080 points into unknown readable memory: 0x0000000700000002 | 02 00 00 00 07 00 00 00
stack at sp + 1 slots: 0x00007ffe1f0be128 atio6axx.dll
stack at sp + 2 slots: 0x0000000023bec600 is an unknown value
stack at sp + 3 slots: 0x0000000000000001 is an unknown value
stack at sp + 4 slots: 0x00007ffe1d8e0000 atio6axx.dll
stack at sp + 5 slots: 0x000001e34f398f30 points into unknown readable memory: 0x00007ffe200faa78 | 78 aa 0f 20 fe 7f 00 00
stack at sp + 6 slots: 0x0000000000000001 is an unknown value
stack at sp + 7 slots: 0x00007ffe1f0e7857 atio6axx.dll


---------------  P R O C E S S  ---------------

Threads class SMR info:
_java_thread_list=0x000001e353e9d480, length=13, elements={
0x000001e328ca1a20, 0x000001e34bb12550, 0x000001e34bb14f10, 0x000001e34c508670,
0x000001e34c509020, 0x000001e34c50dde0, 0x000001e34c50e790, 0x000001e34c511480,
0x000001e34c515420, 0x000001e34c516530, 0x000001e34c647990, 0x000001e34c672a30,
0x000001e353ec6940
}

Java Threads: ( => current thread )
=>0x000001e328ca1a20 JavaThread "main" [_thread_in_native, id=23772, stack(0x000000a961e00000,0x000000a961f00000)]
  0x000001e34bb12550 JavaThread "Reference Handler" daemon [_thread_blocked, id=20528, stack(0x000000a962500000,0x000000a962600000)]
  0x000001e34bb14f10 JavaThread "Finalizer" daemon [_thread_blocked, id=26596, stack(0x000000a962600000,0x000000a962700000)]
  0x000001e34c508670 JavaThread "Signal Dispatcher" daemon [_thread_blocked, id=27440, stack(0x000000a962700000,0x000000a962800000)]
  0x000001e34c509020 JavaThread "Attach Listener" daemon [_thread_blocked, id=25780, stack(0x000000a962800000,0x000000a962900000)]
  0x000001e34c50dde0 JavaThread "Service Thread" daemon [_thread_blocked, id=27384, stack(0x000000a962900000,0x000000a962a00000)]
  0x000001e34c50e790 JavaThread "Monitor Deflation Thread" daemon [_thread_blocked, id=1172, stack(0x000000a962a00000,0x000000a962b00000)]
  0x000001e34c511480 JavaThread "C2 CompilerThread0" daemon [_thread_blocked, id=23756, stack(0x000000a962b00000,0x000000a962c00000)]
  0x000001e34c515420 JavaThread "C1 CompilerThread0" daemon [_thread_blocked, id=16140, stack(0x000000a962c00000,0x000000a962d00000)]
  0x000001e34c516530 JavaThread "Sweeper thread" daemon [_thread_blocked, id=8600, stack(0x000000a962d00000,0x000000a962e00000)]
  0x000001e34c647990 JavaThread "Notification Thread" daemon [_thread_blocked, id=5812, stack(0x000000a962e00000,0x000000a962f00000)]
  0x000001e34c672a30 JavaThread "Common-Cleaner" daemon [_thread_blocked, id=6516, stack(0x000000a963000000,0x000000a963100000)]
  0x000001e353ec6940 JavaThread "LWJGL3 Timer" daemon [_thread_blocked, id=18020, stack(0x000000a963b00000,0x000000a963c00000)]

Other Threads:
  0x000001e34bb0db80 VMThread "VM Thread" [stack: 0x000000a962400000,0x000000a962500000] [id=26944]
  0x000001e328d26ac0 WatcherThread [stack: 0x000000a962f00000,0x000000a963000000] [id=2508]
  0x000001e328d0b9c0 GCTaskThread "GC Thread#0" [stack: 0x000000a961f00000,0x000000a962000000] [id=2144]
  0x000001e353ec0c40 GCTaskThread "GC Thread#1" [stack: 0x000000a963c00000,0x000000a963d00000] [id=12256]
  0x000001e353ebfc20 GCTaskThread "GC Thread#2" [stack: 0x000000a963d00000,0x000000a963e00000] [id=25064]
  0x000001e353ec06e0 GCTaskThread "GC Thread#3" [stack: 0x000000a963e00000,0x000000a963f00000] [id=17740]
  0x000001e353ec1c60 GCTaskThread "GC Thread#4" [stack: 0x000000a963f00000,0x000000a964000000] [id=11168]
  0x000001e353ebec00 GCTaskThread "GC Thread#5" [stack: 0x000000a964000000,0x000000a964100000] [id=17280]
  0x000001e353ebfed0 GCTaskThread "GC Thread#6" [stack: 0x000000a964100000,0x000000a964200000] [id=6924]
  0x000001e353ec0ef0 GCTaskThread "GC Thread#7" [stack: 0x000000a964200000,0x000000a964300000] [id=26016]
  0x000001e328d1de70 ConcurrentGCThread "G1 Main Marker" [stack: 0x000000a962000000,0x000000a962100000] [id=2044]
  0x000001e328d1fdd0 ConcurrentGCThread "G1 Conc#0" [stack: 0x000000a962100000,0x000000a962200000] [id=5508]
  0x000001e328d5eca0 ConcurrentGCThread "G1 Refine#0" [stack: 0x000000a962200000,0x000000a962300000] [id=26940]
  0x000001e34b9c0630 ConcurrentGCThread "G1 Service" [stack: 0x000000a962300000,0x000000a962400000] [id=5768]

Threads with active compile tasks:

VM state: not at safepoint (normal execution)

VM Mutex/Monitor currently owned by a thread: None

Heap address: 0x000000070b000000, size: 3920 MB, Compressed Oops mode: Zero based, Oop shift amount: 3

CDS archive(s) mapped at: [0x0000000800000000-0x0000000800bc0000-0x0000000800bc0000), size 12320768, SharedBaseAddress: 0x0000000800000000, ArchiveRelocationMode: 0.
Compressed class space mapped at: 0x0000000800c00000-0x0000000840c00000, reserved size: 1073741824
Narrow klass base: 0x0000000800000000, Narrow klass shift: 0, Narrow klass range: 0x100000000

GC Precious Log:
 CPUs: 12 total, 12 available
 Memory: 15679M
 Large Page Support: Disabled
 NUMA Support: Disabled
 Compressed Oops: Enabled (Zero based)
 Heap Region Size: 2M
 Heap Min Capacity: 8M
 Heap Initial Capacity: 246M
 Heap Max Capacity: 3920M
 Pre-touch: Disabled
 Parallel Workers: 10
 Concurrent Workers: 3
 Concurrent Refinement Workers: 10
 Periodic GC: Disabled

Heap:
 garbage-first heap   total 251904K, used 5209K [0x000000070b000000, 0x0000000800000000)
  region size 2048K, 4 young (8192K), 2 survivors (4096K)
 Metaspace       used 6830K, committed 6976K, reserved 1064960K
  class space    used 521K, committed 576K, reserved 1048576K

Heap Regions: E=young(eden), S=young(survivor), O=old, HS=humongous(starts), HC=humongous(continues), CS=collection set, F=free, OA=open archive, CA=closed archive, TAMS=top-at-mark-start (previous, next)
|   0|0x000000070b000000, 0x000000070b000000, 0x000000070b200000|  0%| F|  |TAMS 0x000000070b000000, 0x000000070b000000| Untracked 
|   1|0x000000070b200000, 0x000000070b200000, 0x000000070b400000|  0%| F|  |TAMS 0x000000070b200000, 0x000000070b200000| Untracked 
|   2|0x000000070b400000, 0x000000070b400000, 0x000000070b600000|  0%| F|  |TAMS 0x000000070b400000, 0x000000070b400000| Untracked 
|   3|0x000000070b600000, 0x000000070b600000, 0x000000070b800000|  0%| F|  |TAMS 0x000000070b600000, 0x000000070b600000| Untracked 
|   4|0x000000070b800000, 0x000000070b800000, 0x000000070ba00000|  0%| F|  |TAMS 0x000000070b800000, 0x000000070b800000| Untracked 
|   5|0x000000070ba00000, 0x000000070ba00000, 0x000000070bc00000|  0%| F|  |TAMS 0x000000070ba00000, 0x000000070ba00000| Untracked 
|   6|0x000000070bc00000, 0x000000070bc00000, 0x000000070be00000|  0%| F|  |TAMS 0x000000070bc00000, 0x000000070bc00000| Untracked 
|   7|0x000000070be00000, 0x000000070be00000, 0x000000070c000000|  0%| F|  |TAMS 0x000000070be00000, 0x000000070be00000| Untracked 
|   8|0x000000070c000000, 0x000000070c000000, 0x000000070c200000|  0%| F|  |TAMS 0x000000070c000000, 0x000000070c000000| Untracked 
|   9|0x000000070c200000, 0x000000070c200000, 0x000000070c400000|  0%| F|  |TAMS 0x000000070c200000, 0x000000070c200000| Untracked 
|  10|0x000000070c400000, 0x000000070c400000, 0x000000070c600000|  0%| F|  |TAMS 0x000000070c400000, 0x000000070c400000| Untracked 
|  11|0x000000070c600000, 0x000000070c600000, 0x000000070c800000|  0%| F|  |TAMS 0x000000070c600000, 0x000000070c600000| Untracked 
|  12|0x000000070c800000, 0x000000070c800000, 0x000000070ca00000|  0%| F|  |TAMS 0x000000070c800000, 0x000000070c800000| Untracked 
|  13|0x000000070ca00000, 0x000000070ca00000, 0x000000070cc00000|  0%| F|  |TAMS 0x000000070ca00000, 0x000000070ca00000| Untracked 
|  14|0x000000070cc00000, 0x000000070cc00000, 0x000000070ce00000|  0%| F|  |TAMS 0x000000070cc00000, 0x000000070cc00000| Untracked 
|  15|0x000000070ce00000, 0x000000070ce00000, 0x000000070d000000|  0%| F|  |TAMS 0x000000070ce00000, 0x000000070ce00000| Untracked 
|  16|0x000000070d000000, 0x000000070d000000, 0x000000070d200000|  0%| F|  |TAMS 0x000000070d000000, 0x000000070d000000| Untracked 
|  17|0x000000070d200000, 0x000000070d200000, 0x000000070d400000|  0%| F|  |TAMS 0x000000070d200000, 0x000000070d200000| Untracked 
|  18|0x000000070d400000, 0x000000070d400000, 0x000000070d600000|  0%| F|  |TAMS 0x000000070d400000, 0x000000070d400000| Untracked 
|  19|0x000000070d600000, 0x000000070d600000, 0x000000070d800000|  0%| F|  |TAMS 0x000000070d600000, 0x000000070d600000| Untracked 
|  20|0x000000070d800000, 0x000000070d800000, 0x000000070da00000|  0%| F|  |TAMS 0x000000070d800000, 0x000000070d800000| Untracked 
|  21|0x000000070da00000, 0x000000070da00000, 0x000000070dc00000|  0%| F|  |TAMS 0x000000070da00000, 0x000000070da00000| Untracked 
|  22|0x000000070dc00000, 0x000000070dc00000, 0x000000070de00000|  0%| F|  |TAMS 0x000000070dc00000, 0x000000070dc00000| Untracked 
|  23|0x000000070de00000, 0x000000070de00000, 0x000000070e000000|  0%| F|  |TAMS 0x000000070de00000, 0x000000070de00000| Untracked 
|  24|0x000000070e000000, 0x000000070e000000, 0x000000070e200000|  0%| F|  |TAMS 0x000000070e000000, 0x000000070e000000| Untracked 
|  25|0x000000070e200000, 0x000000070e200000, 0x000000070e400000|  0%| F|  |TAMS 0x000000070e200000, 0x000000070e200000| Untracked 
|  26|0x000000070e400000, 0x000000070e400000, 0x000000070e600000|  0%| F|  |TAMS 0x000000070e400000, 0x000000070e400000| Untracked 
|  27|0x000000070e600000, 0x000000070e600000, 0x000000070e800000|  0%| F|  |TAMS 0x000000070e600000, 0x000000070e600000| Untracked 
|  28|0x000000070e800000, 0x000000070e800000, 0x000000070ea00000|  0%| F|  |TAMS 0x000000070e800000, 0x000000070e800000| Untracked 
|  29|0x000000070ea00000, 0x000000070ea00000, 0x000000070ec00000|  0%| F|  |TAMS 0x000000070ea00000, 0x000000070ea00000| Untracked 
|  30|0x000000070ec00000, 0x000000070ec00000, 0x000000070ee00000|  0%| F|  |TAMS 0x000000070ec00000, 0x000000070ec00000| Untracked 
|  31|0x000000070ee00000, 0x000000070ee00000, 0x000000070f000000|  0%| F|  |TAMS 0x000000070ee00000, 0x000000070ee00000| Untracked 
|  32|0x000000070f000000, 0x000000070f000000, 0x000000070f200000|  0%| F|  |TAMS 0x000000070f000000, 0x000000070f000000| Untracked 
|  33|0x000000070f200000, 0x000000070f200000, 0x000000070f400000|  0%| F|  |TAMS 0x000000070f200000, 0x000000070f200000| Untracked 
|  34|0x000000070f400000, 0x000000070f400000, 0x000000070f600000|  0%| F|  |TAMS 0x000000070f400000, 0x000000070f400000| Untracked 
|  35|0x000000070f600000, 0x000000070f600000, 0x000000070f800000|  0%| F|  |TAMS 0x000000070f600000, 0x000000070f600000| Untracked 
|  36|0x000000070f800000, 0x000000070f800000, 0x000000070fa00000|  0%| F|  |TAMS 0x000000070f800000, 0x000000070f800000| Untracked 
|  37|0x000000070fa00000, 0x000000070fa00000, 0x000000070fc00000|  0%| F|  |TAMS 0x000000070fa00000, 0x000000070fa00000| Untracked 
|  38|0x000000070fc00000, 0x000000070fc00000, 0x000000070fe00000|  0%| F|  |TAMS 0x000000070fc00000, 0x000000070fc00000| Untracked 
|  39|0x000000070fe00000, 0x000000070fe00000, 0x0000000710000000|  0%| F|  |TAMS 0x000000070fe00000, 0x000000070fe00000| Untracked 
|  40|0x0000000710000000, 0x0000000710000000, 0x0000000710200000|  0%| F|  |TAMS 0x0000000710000000, 0x0000000710000000| Untracked 
|  41|0x0000000710200000, 0x0000000710200000, 0x0000000710400000|  0%| F|  |TAMS 0x0000000710200000, 0x0000000710200000| Untracked 
|  42|0x0000000710400000, 0x0000000710400000, 0x0000000710600000|  0%| F|  |TAMS 0x0000000710400000, 0x0000000710400000| Untracked 
|  43|0x0000000710600000, 0x0000000710600000, 0x0000000710800000|  0%| F|  |TAMS 0x0000000710600000, 0x0000000710600000| Untracked 
|  44|0x0000000710800000, 0x0000000710800000, 0x0000000710a00000|  0%| F|  |TAMS 0x0000000710800000, 0x0000000710800000| Untracked 
|  45|0x0000000710a00000, 0x0000000710a00000, 0x0000000710c00000|  0%| F|  |TAMS 0x0000000710a00000, 0x0000000710a00000| Untracked 
|  46|0x0000000710c00000, 0x0000000710c00000, 0x0000000710e00000|  0%| F|  |TAMS 0x0000000710c00000, 0x0000000710c00000| Untracked 
|  47|0x0000000710e00000, 0x0000000710e00000, 0x0000000711000000|  0%| F|  |TAMS 0x0000000710e00000, 0x0000000710e00000| Untracked 
|  48|0x0000000711000000, 0x0000000711000000, 0x0000000711200000|  0%| F|  |TAMS 0x0000000711000000, 0x0000000711000000| Untracked 
|  49|0x0000000711200000, 0x0000000711200000, 0x0000000711400000|  0%| F|  |TAMS 0x0000000711200000, 0x0000000711200000| Untracked 
|  50|0x0000000711400000, 0x0000000711400000, 0x0000000711600000|  0%| F|  |TAMS 0x0000000711400000, 0x0000000711400000| Untracked 
|  51|0x0000000711600000, 0x0000000711600000, 0x0000000711800000|  0%| F|  |TAMS 0x0000000711600000, 0x0000000711600000| Untracked 
|  52|0x0000000711800000, 0x0000000711800000, 0x0000000711a00000|  0%| F|  |TAMS 0x0000000711800000, 0x0000000711800000| Untracked 
|  53|0x0000000711a00000, 0x0000000711a00000, 0x0000000711c00000|  0%| F|  |TAMS 0x0000000711a00000, 0x0000000711a00000| Untracked 
|  54|0x0000000711c00000, 0x0000000711c00000, 0x0000000711e00000|  0%| F|  |TAMS 0x0000000711c00000, 0x0000000711c00000| Untracked 
|  55|0x0000000711e00000, 0x0000000711e00000, 0x0000000712000000|  0%| F|  |TAMS 0x0000000711e00000, 0x0000000711e00000| Untracked 
|  56|0x0000000712000000, 0x0000000712000000, 0x0000000712200000|  0%| F|  |TAMS 0x0000000712000000, 0x0000000712000000| Untracked 
|  57|0x0000000712200000, 0x0000000712200000, 0x0000000712400000|  0%| F|  |TAMS 0x0000000712200000, 0x0000000712200000| Untracked 
|  58|0x0000000712400000, 0x0000000712400000, 0x0000000712600000|  0%| F|  |TAMS 0x0000000712400000, 0x0000000712400000| Untracked 
|  59|0x0000000712600000, 0x0000000712600000, 0x0000000712800000|  0%| F|  |TAMS 0x0000000712600000, 0x0000000712600000| Untracked 
|  60|0x0000000712800000, 0x0000000712800000, 0x0000000712a00000|  0%| F|  |TAMS 0x0000000712800000, 0x0000000712800000| Untracked 
|  61|0x0000000712a00000, 0x0000000712a00000, 0x0000000712c00000|  0%| F|  |TAMS 0x0000000712a00000, 0x0000000712a00000| Untracked 
|  62|0x0000000712c00000, 0x0000000712c00000, 0x0000000712e00000|  0%| F|  |TAMS 0x0000000712c00000, 0x0000000712c00000| Untracked 
|  63|0x0000000712e00000, 0x0000000712e00000, 0x0000000713000000|  0%| F|  |TAMS 0x0000000712e00000, 0x0000000712e00000| Untracked 
|  64|0x0000000713000000, 0x0000000713000000, 0x0000000713200000|  0%| F|  |TAMS 0x0000000713000000, 0x0000000713000000| Untracked 
|  65|0x0000000713200000, 0x0000000713200000, 0x0000000713400000|  0%| F|  |TAMS 0x0000000713200000, 0x0000000713200000| Untracked 
|  66|0x0000000713400000, 0x0000000713400000, 0x0000000713600000|  0%| F|  |TAMS 0x0000000713400000, 0x0000000713400000| Untracked 
|  67|0x0000000713600000, 0x0000000713600000, 0x0000000713800000|  0%| F|  |TAMS 0x0000000713600000, 0x0000000713600000| Untracked 
|  68|0x0000000713800000, 0x0000000713800000, 0x0000000713a00000|  0%| F|  |TAMS 0x0000000713800000, 0x0000000713800000| Untracked 
|  69|0x0000000713a00000, 0x0000000713a00000, 0x0000000713c00000|  0%| F|  |TAMS 0x0000000713a00000, 0x0000000713a00000| Untracked 
|  70|0x0000000713c00000, 0x0000000713c00000, 0x0000000713e00000|  0%| F|  |TAMS 0x0000000713c00000, 0x0000000713c00000| Untracked 
|  71|0x0000000713e00000, 0x0000000713e00000, 0x0000000714000000|  0%| F|  |TAMS 0x0000000713e00000, 0x0000000713e00000| Untracked 
|  72|0x0000000714000000, 0x0000000714000000, 0x0000000714200000|  0%| F|  |TAMS 0x0000000714000000, 0x0000000714000000| Untracked 
|  73|0x0000000714200000, 0x0000000714200000, 0x0000000714400000|  0%| F|  |TAMS 0x0000000714200000, 0x0000000714200000| Untracked 
|  74|0x0000000714400000, 0x0000000714400000, 0x0000000714600000|  0%| F|  |TAMS 0x0000000714400000, 0x0000000714400000| Untracked 
|  75|0x0000000714600000, 0x0000000714600000, 0x0000000714800000|  0%| F|  |TAMS 0x0000000714600000, 0x0000000714600000| Untracked 
|  76|0x0000000714800000, 0x0000000714800000, 0x0000000714a00000|  0%| F|  |TAMS 0x0000000714800000, 0x0000000714800000| Untracked 
|  77|0x0000000714a00000, 0x0000000714a00000, 0x0000000714c00000|  0%| F|  |TAMS 0x0000000714a00000, 0x0000000714a00000| Untracked 
|  78|0x0000000714c00000, 0x0000000714c00000, 0x0000000714e00000|  0%| F|  |TAMS 0x0000000714c00000, 0x0000000714c00000| Untracked 
|  79|0x0000000714e00000, 0x0000000714e00000, 0x0000000715000000|  0%| F|  |TAMS 0x0000000714e00000, 0x0000000714e00000| Untracked 
|  80|0x0000000715000000, 0x0000000715000000, 0x0000000715200000|  0%| F|  |TAMS 0x0000000715000000, 0x0000000715000000| Untracked 
|  81|0x0000000715200000, 0x0000000715200000, 0x0000000715400000|  0%| F|  |TAMS 0x0000000715200000, 0x0000000715200000| Untracked 
|  82|0x0000000715400000, 0x0000000715400000, 0x0000000715600000|  0%| F|  |TAMS 0x0000000715400000, 0x0000000715400000| Untracked 
|  83|0x0000000715600000, 0x0000000715600000, 0x0000000715800000|  0%| F|  |TAMS 0x0000000715600000, 0x0000000715600000| Untracked 
|  84|0x0000000715800000, 0x0000000715800000, 0x0000000715a00000|  0%| F|  |TAMS 0x0000000715800000, 0x0000000715800000| Untracked 
|  85|0x0000000715a00000, 0x0000000715a00000, 0x0000000715c00000|  0%| F|  |TAMS 0x0000000715a00000, 0x0000000715a00000| Untracked 
|  86|0x0000000715c00000, 0x0000000715c00000, 0x0000000715e00000|  0%| F|  |TAMS 0x0000000715c00000, 0x0000000715c00000| Untracked 
|  87|0x0000000715e00000, 0x0000000715e00000, 0x0000000716000000|  0%| F|  |TAMS 0x0000000715e00000, 0x0000000715e00000| Untracked 
|  88|0x0000000716000000, 0x0000000716000000, 0x0000000716200000|  0%| F|  |TAMS 0x0000000716000000, 0x0000000716000000| Untracked 
|  89|0x0000000716200000, 0x0000000716200000, 0x0000000716400000|  0%| F|  |TAMS 0x0000000716200000, 0x0000000716200000| Untracked 
|  90|0x0000000716400000, 0x0000000716400000, 0x0000000716600000|  0%| F|  |TAMS 0x0000000716400000, 0x0000000716400000| Untracked 
|  91|0x0000000716600000, 0x0000000716600000, 0x0000000716800000|  0%| F|  |TAMS 0x0000000716600000, 0x0000000716600000| Untracked 
|  92|0x0000000716800000, 0x0000000716800000, 0x0000000716a00000|  0%| F|  |TAMS 0x0000000716800000, 0x0000000716800000| Untracked 
|  93|0x0000000716a00000, 0x0000000716a00000, 0x0000000716c00000|  0%| F|  |TAMS 0x0000000716a00000, 0x0000000716a00000| Untracked 
|  94|0x0000000716c00000, 0x0000000716c00000, 0x0000000716e00000|  0%| F|  |TAMS 0x0000000716c00000, 0x0000000716c00000| Untracked 
|  95|0x0000000716e00000, 0x0000000716e00000, 0x0000000717000000|  0%| F|  |TAMS 0x0000000716e00000, 0x0000000716e00000| Untracked 
|  96|0x0000000717000000, 0x0000000717000000, 0x0000000717200000|  0%| F|  |TAMS 0x0000000717000000, 0x0000000717000000| Untracked 
|  97|0x0000000717200000, 0x0000000717200000, 0x0000000717400000|  0%| F|  |TAMS 0x0000000717200000, 0x0000000717200000| Untracked 
|  98|0x0000000717400000, 0x0000000717400000, 0x0000000717600000|  0%| F|  |TAMS 0x0000000717400000, 0x0000000717400000| Untracked 
|  99|0x0000000717600000, 0x0000000717600000, 0x0000000717800000|  0%| F|  |TAMS 0x0000000717600000, 0x0000000717600000| Untracked 
| 100|0x0000000717800000, 0x0000000717800000, 0x0000000717a00000|  0%| F|  |TAMS 0x0000000717800000, 0x0000000717800000| Untracked 
| 101|0x0000000717a00000, 0x0000000717a00000, 0x0000000717c00000|  0%| F|  |TAMS 0x0000000717a00000, 0x0000000717a00000| Untracked 
| 102|0x0000000717c00000, 0x0000000717c00000, 0x0000000717e00000|  0%| F|  |TAMS 0x0000000717c00000, 0x0000000717c00000| Untracked 
| 103|0x0000000717e00000, 0x0000000717e00000, 0x0000000718000000|  0%| F|  |TAMS 0x0000000717e00000, 0x0000000717e00000| Untracked 
| 104|0x0000000718000000, 0x0000000718000000, 0x0000000718200000|  0%| F|  |TAMS 0x0000000718000000, 0x0000000718000000| Untracked 
| 105|0x0000000718200000, 0x0000000718200000, 0x0000000718400000|  0%| F|  |TAMS 0x0000000718200000, 0x0000000718200000| Untracked 
| 106|0x0000000718400000, 0x0000000718400000, 0x0000000718600000|  0%| F|  |TAMS 0x0000000718400000, 0x0000000718400000| Untracked 
| 107|0x0000000718600000, 0x0000000718600000, 0x0000000718800000|  0%| F|  |TAMS 0x0000000718600000, 0x0000000718600000| Untracked 
| 108|0x0000000718800000, 0x0000000718800000, 0x0000000718a00000|  0%| F|  |TAMS 0x0000000718800000, 0x0000000718800000| Untracked 
| 109|0x0000000718a00000, 0x0000000718a00000, 0x0000000718c00000|  0%| F|  |TAMS 0x0000000718a00000, 0x0000000718a00000| Untracked 
| 110|0x0000000718c00000, 0x0000000718d164a0, 0x0000000718e00000| 54%| S|CS|TAMS 0x0000000718c00000, 0x0000000718c00000| Complete 
| 111|0x0000000718e00000, 0x0000000719000000, 0x0000000719000000|100%| S|CS|TAMS 0x0000000718e00000, 0x0000000718e00000| Complete 
| 112|0x0000000719000000, 0x0000000719000000, 0x0000000719200000|  0%| F|  |TAMS 0x0000000719000000, 0x0000000719000000| Untracked 
| 113|0x0000000719200000, 0x0000000719200000, 0x0000000719400000|  0%| F|  |TAMS 0x0000000719200000, 0x0000000719200000| Untracked 
| 114|0x0000000719400000, 0x0000000719400000, 0x0000000719600000|  0%| F|  |TAMS 0x0000000719400000, 0x0000000719400000| Untracked 
| 115|0x0000000719600000, 0x0000000719600000, 0x0000000719800000|  0%| F|  |TAMS 0x0000000719600000, 0x0000000719600000| Untracked 
| 116|0x0000000719800000, 0x0000000719800000, 0x0000000719a00000|  0%| F|  |TAMS 0x0000000719800000, 0x0000000719800000| Untracked 
| 117|0x0000000719a00000, 0x0000000719a00000, 0x0000000719c00000|  0%| F|  |TAMS 0x0000000719a00000, 0x0000000719a00000| Untracked 
| 118|0x0000000719c00000, 0x0000000719c00000, 0x0000000719e00000|  0%| F|  |TAMS 0x0000000719c00000, 0x0000000719c00000| Untracked 
| 119|0x0000000719e00000, 0x0000000719e00000, 0x000000071a000000|  0%| F|  |TAMS 0x0000000719e00000, 0x0000000719e00000| Untracked 
| 120|0x000000071a000000, 0x000000071a000000, 0x000000071a200000|  0%| F|  |TAMS 0x000000071a000000, 0x000000071a000000| Untracked 
| 121|0x000000071a200000, 0x000000071a3f0a80, 0x000000071a400000| 97%| E|  |TAMS 0x000000071a200000, 0x000000071a200000| Complete 
| 122|0x000000071a400000, 0x000000071a600000, 0x000000071a600000|100%| E|CS|TAMS 0x000000071a400000, 0x000000071a400000| Complete 

Card table byte_map: [0x000001e340490000,0x000001e340c40000] _byte_map_base: 0x000001e33cc38000

Marking Bits (Prev, Next): (CMBitMap*) 0x000001e328d0dee0, (CMBitMap*) 0x000001e328d0df20
 Prev Bits: [0x000001e3413f0000, 0x000001e345130000)
 Next Bits: [0x000001e345130000, 0x000001e348e70000)

Polling page: 0x000001e326bf0000

Metaspace:

Usage:
  Non-class:      6.16 MB used.
      Class:    521.63 KB used.
       Both:      6.67 MB used.

Virtual space:
  Non-class space:       16.00 MB reserved,       6.25 MB ( 39%) committed,  2 nodes.
      Class space:        1.00 GB reserved,     576.00 KB ( <1%) committed,  1 nodes.
             Both:        1.02 GB reserved,       6.81 MB ( <1%) committed. 

Chunk freelists:
   Non-Class:  3.41 MB
       Class:  3.34 MB
        Both:  6.75 MB

MaxMetaspaceSize: unlimited
CompressedClassSpaceSize: 1.00 GB
Initial GC threshold: 21.00 MB
Current GC threshold: 21.00 MB
CDS: on
MetaspaceReclaimPolicy: balanced
 - commit_granule_bytes: 65536.
 - commit_granule_words: 8192.
 - virtual_space_node_default_size: 1048576.
 - enlarge_chunks_in_place: 1.
 - new_chunks_are_fully_committed: 0.
 - uncommit_free_chunks: 1.
 - use_allocation_guard: 0.
 - handle_deallocations: 1.


Internal statistics:

num_allocs_failed_limit: 0.
num_arena_births: 68.
num_arena_deaths: 0.
num_vsnodes_births: 3.
num_vsnodes_deaths: 0.
num_space_committed: 107.
num_space_uncommitted: 0.
num_chunks_returned_to_freelist: 0.
num_chunks_taken_from_freelist: 266.
num_chunk_merges: 0.
num_chunk_splits: 194.
num_chunks_enlarged: 161.
num_purges: 0.
num_inconsistent_stats: 0.

CodeHeap 'non-profiled nmethods': size=120000Kb used=435Kb max_used=435Kb free=119564Kb
 bounds [0x000001e338260000, 0x000001e3384d0000, 0x000001e33f790000]
CodeHeap 'profiled nmethods': size=120000Kb used=2196Kb max_used=2196Kb free=117803Kb
 bounds [0x000001e330d30000, 0x000001e330fa0000, 0x000001e338260000]
CodeHeap 'non-nmethods': size=5760Kb used=1612Kb max_used=1631Kb free=4147Kb
 bounds [0x000001e330790000, 0x000001e330a00000, 0x000001e330d30000]
 total_blobs=2308 nmethods=1266 adapters=955
 compilation: enabled
              stopped_count=0, restarted_count=0
 full_count=0

Compilation events (20 events):
Event: 6.648 Thread 0x000001e34c515420 1257       3       com.badlogic.gdx.utils.Pools::get (7 bytes)
Event: 6.648 Thread 0x000001e34c515420 nmethod 1257 0x000001e330f52110 code [0x000001e330f522a0, 0x000001e330f523c8]
Event: 6.648 Thread 0x000001e34c515420 1258       3       com.badlogic.gdx.utils.Pools::get (37 bytes)
Event: 6.648 Thread 0x000001e34c515420 nmethod 1258 0x000001e330f52490 code [0x000001e330f52680, 0x000001e330f52c68]
Event: 6.682 Thread 0x000001e34c515420 1259       3       com.badlogic.gdx.scenes.scene2d.ui.ImageButton::getImageDrawable (183 bytes)
Event: 6.682 Thread 0x000001e34c515420 nmethod 1259 0x000001e330f52e10 code [0x000001e330f53060, 0x000001e330f53f88]
Event: 6.848 Thread 0x000001e34c511480 1260       4       com.badlogic.gdx.scenes.scene2d.Actor::parentToLocalCoordinates (228 bytes)
Event: 6.849 Thread 0x000001e34c511480 nmethod 1260 0x000001e3382cba90 code [0x000001e3382cbc40, 0x000001e3382cbe18]
Event: 6.882 Thread 0x000001e34c511480 1261       4       com.badlogic.gdx.math.Vector3::nor (32 bytes)
Event: 6.882 Thread 0x000001e34c515420 1262       3       com.badlogic.gdx.backends.lwjgl3.Lwjgl3GL20::glEnable (5 bytes)
Event: 6.882 Thread 0x000001e34c515420 nmethod 1262 0x000001e330f54210 code [0x000001e330f543c0, 0x000001e330f54548]
Event: 6.882 Thread 0x000001e34c515420 1264       3       com.badlogic.gdx.graphics.Mesh::setVertices (14 bytes)
Event: 6.882 Thread 0x000001e34c515420 nmethod 1264 0x000001e330f54610 code [0x000001e330f547c0, 0x000001e330f549a8]
Event: 6.882 Thread 0x000001e34c515420 1263       3       org.lwjgl.opengl.GL11::glEnable (5 bytes)
Event: 6.882 Thread 0x000001e34c515420 nmethod 1263 0x000001e330f54a90 code [0x000001e330f54c20, 0x000001e330f54d28]
Event: 6.882 Thread 0x000001e34c511480 nmethod 1261 0x000001e3382cbf90 code [0x000001e3382cc140, 0x000001e3382cc218]
Event: 6.897 Thread 0x000001e34c515420 1265       3       com.badlogic.gdx.graphics.glutils.IndexBufferObject::getNumIndices (19 bytes)
Event: 6.897 Thread 0x000001e34c515420 nmethod 1265 0x000001e330f54e10 code [0x000001e330f54fc0, 0x000001e330f55178]
Event: 6.930 Thread 0x000001e34c511480 1266       4       com.badlogic.gdx.graphics.glutils.ShaderProgram::fetchAttributeLocation (44 bytes)
Event: 6.935 Thread 0x000001e34c511480 nmethod 1266 0x000001e3382cc290 code [0x000001e3382cc420, 0x000001e3382cca18]

GC Heap History (2 events):
Event: 2.560 GC heap before
{Heap before GC invocations=0 (full 0):
 garbage-first heap   total 251904K, used 22528K [0x000000070b000000, 0x0000000800000000)
  region size 2048K, 11 young (22528K), 0 survivors (0K)
 Metaspace       used 6546K, committed 6720K, reserved 1064960K
  class space    used 503K, committed 576K, reserved 1048576K
}
Event: 2.563 GC heap after
{Heap after GC invocations=1 (full 0):
 garbage-first heap   total 251904K, used 3161K [0x000000070b000000, 0x0000000800000000)
  region size 2048K, 2 young (4096K), 2 survivors (4096K)
 Metaspace       used 6546K, committed 6720K, reserved 1064960K
  class space    used 503K, committed 576K, reserved 1048576K
}

Dll operation events (9 events):
Event: 0.007 Loaded shared library C:\Users\envy\.jdks\corretto-17.0.5\bin\java.dll
Event: 0.016 Loaded shared library C:\Users\envy\.jdks\corretto-17.0.5\bin\jsvml.dll
Event: 0.097 Loaded shared library C:\Users\envy\.jdks\corretto-17.0.5\bin\net.dll
Event: 0.099 Loaded shared library C:\Users\envy\.jdks\corretto-17.0.5\bin\nio.dll
Event: 0.101 Loaded shared library C:\Users\envy\.jdks\corretto-17.0.5\bin\zip.dll
Event: 0.180 Loaded shared library C:\Users\envy\.jdks\corretto-17.0.5\bin\jimage.dll
Event: 0.187 Loaded shared library C:\Users\envy\AppData\Local\Temp\libgdxenvy\e787ab0a\gdx64.dll
Event: 0.248 Loaded shared library C:\Users\envy\AppData\Local\Temp\lwjglenvy\3.3.1-build-7\lwjgl.dll
Event: 0.977 Loaded shared library C:\Users\envy\AppData\Local\Temp\lwjglenvy\3.3.1-build-7\lwjgl_opengl.dll

Deoptimization events (20 events):
Event: 1.587 Thread 0x000001e328ca1a20 Uncommon trap: trap_request=0xffffff45 fr.pc=0x000001e3382640b8 relative=0x0000000000000038
Event: 1.587 Thread 0x000001e328ca1a20 Uncommon trap: reason=unstable_if action=reinterpret pc=0x000001e3382640b8 method=java.lang.StringLatin1.canEncode(I)Z @ 4 c2
Event: 1.587 Thread 0x000001e328ca1a20 DEOPT PACKING pc=0x000001e3382640b8 sp=0x000000a961efe680
Event: 1.587 Thread 0x000001e328ca1a20 DEOPT UNPACKING pc=0x000001e3307e23a3 sp=0x000000a961efe610 mode 2
Event: 2.550 Thread 0x000001e328ca1a20 DEOPT PACKING pc=0x000001e330eab8d6 sp=0x000000a961efe640
Event: 2.550 Thread 0x000001e328ca1a20 DEOPT UNPACKING pc=0x000001e3307e2b43 sp=0x000000a961efdae0 mode 0
Event: 2.558 Thread 0x000001e328ca1a20 DEOPT PACKING pc=0x000001e330eab8d6 sp=0x000000a961efe070
Event: 2.558 Thread 0x000001e328ca1a20 DEOPT UNPACKING pc=0x000001e3307e2b43 sp=0x000000a961efd510 mode 0
Event: 2.559 Thread 0x000001e328ca1a20 DEOPT PACKING pc=0x000001e330eab8d6 sp=0x000000a961efe070
Event: 2.559 Thread 0x000001e328ca1a20 DEOPT UNPACKING pc=0x000001e3307e2b43 sp=0x000000a961efd510 mode 0
Event: 2.563 Thread 0x000001e328ca1a20 DEOPT PACKING pc=0x000001e330eab8d6 sp=0x000000a961efe070
Event: 2.563 Thread 0x000001e328ca1a20 DEOPT UNPACKING pc=0x000001e3307e2b43 sp=0x000000a961efd510 mode 0
Event: 2.563 Thread 0x000001e328ca1a20 Uncommon trap: trap_request=0xffffff45 fr.pc=0x000001e3382afc50 relative=0x0000000000001530
Event: 2.563 Thread 0x000001e328ca1a20 Uncommon trap: reason=unstable_if action=reinterpret pc=0x000001e3382afc50 method=java.lang.AbstractStringBuilder.isLatin1()Z @ 10 c2
Event: 2.563 Thread 0x000001e328ca1a20 DEOPT PACKING pc=0x000001e3382afc50 sp=0x000000a961efe5e0
Event: 2.563 Thread 0x000001e328ca1a20 DEOPT UNPACKING pc=0x000001e3307e23a3 sp=0x000000a961efe4c0 mode 2
Event: 4.511 Thread 0x000001e328ca1a20 DEOPT PACKING pc=0x000001e330eab8d6 sp=0x000000a961efe830
Event: 4.511 Thread 0x000001e328ca1a20 DEOPT UNPACKING pc=0x000001e3307e2b43 sp=0x000000a961efdcb8 mode 0
Event: 4.512 Thread 0x000001e328ca1a20 DEOPT PACKING pc=0x000001e330eab8d6 sp=0x000000a961efe000
Event: 4.512 Thread 0x000001e328ca1a20 DEOPT UNPACKING pc=0x000001e3307e2b43 sp=0x000000a961efd488 mode 0

Classes unloaded (0 events):
No events

Classes redefined (0 events):
No events

Internal exceptions (20 events):
Event: 0.223 Thread 0x000001e328ca1a20 Exception <a 'java/lang/NoSuchMethodError'{0x0000000719ece078}: 'int java.lang.invoke.DirectMethodHandle$Holder.invokeSpecial(java.lang.Object, java.lang.Object, java.lang.Object)'> (0x0000000719ece078) 
thrown [s\src\hotspot\share\interpreter\linkResolver.cpp, line 759]
Event: 0.246 Thread 0x000001e328ca1a20 Exception <a 'sun/nio/fs/WindowsException'{0x0000000719f6b8e8}> (0x0000000719f6b8e8) 
thrown [s\src\hotspot\share\prims\jni.cpp, line 516]
Event: 0.247 Thread 0x000001e328ca1a20 Exception <a 'sun/nio/fs/WindowsException'{0x0000000719f6be30}> (0x0000000719f6be30) 
thrown [s\src\hotspot\share\prims\jni.cpp, line 516]
Event: 0.255 Thread 0x000001e328ca1a20 Exception <a 'java/lang/NoSuchMethodError'{0x0000000719fac988}: 'int java.lang.invoke.DirectMethodHandle$Holder.invokeStaticInit(java.lang.Object, java.lang.Object, int, long)'> (0x0000000719fac988) 
thrown [s\src\hotspot\share\interpreter\linkResolver.cpp, line 759]
Event: 0.255 Thread 0x000001e328ca1a20 Exception <a 'java/lang/NoSuchMethodError'{0x0000000719fb2250}: 'java.lang.Object java.lang.invoke.DirectMethodHandle$Holder.newInvokeSpecial(java.lang.Object, java.lang.Object, int)'> (0x0000000719fb2250) 
thrown [s\src\hotspot\share\interpreter\linkResolver.cpp, line 759]
Event: 0.257 Thread 0x000001e328ca1a20 Exception <a 'java/lang/NoSuchMethodError'{0x0000000719fc7128}: 'int java.lang.invoke.DirectMethodHandle$Holder.invokeStaticInit(java.lang.Object, java.lang.Object, long, long)'> (0x0000000719fc7128) 
thrown [s\src\hotspot\share\interpreter\linkResolver.cpp, line 759]
Event: 0.258 Thread 0x000001e328ca1a20 Exception <a 'java/lang/NoSuchMethodError'{0x0000000719fcd238}: 'java.lang.Object java.lang.invoke.DirectMethodHandle$Holder.newInvokeSpecial(java.lang.Object, java.lang.Object, long)'> (0x0000000719fcd238) 
thrown [s\src\hotspot\share\interpreter\linkResolver.cpp, line 759]
Event: 0.258 Thread 0x000001e328ca1a20 Exception <a 'java/lang/NoSuchMethodError'{0x0000000719fd1280}: 'java.lang.Object java.lang.invoke.Invokers$Holder.linkToTargetMethod(java.lang.Object, long, java.lang.Object)'> (0x0000000719fd1280) 
thrown [s\src\hotspot\share\interpreter\linkResolver.cpp, line 759]
Event: 0.259 Thread 0x000001e328ca1a20 Exception <a 'java/lang/NoSuchMethodError'{0x0000000719fd8a00}: 'int java.lang.invoke.DirectMethodHandle$Holder.invokeStaticInit(java.lang.Object, java.lang.Object, java.lang.Object, long)'> (0x0000000719fd8a00) 
thrown [s\src\hotspot\share\interpreter\linkResolver.cpp, line 759]
Event: 0.273 Thread 0x000001e328ca1a20 Exception <a 'sun/nio/fs/WindowsException'{0x0000000719c92420}> (0x0000000719c92420) 
thrown [s\src\hotspot\share\prims\jni.cpp, line 516]
Event: 0.273 Thread 0x000001e328ca1a20 Exception <a 'sun/nio/fs/WindowsException'{0x0000000719c927b0}> (0x0000000719c927b0) 
thrown [s\src\hotspot\share\prims\jni.cpp, line 516]
Event: 0.290 Thread 0x000001e328ca1a20 Exception <a 'sun/nio/fs/WindowsException'{0x0000000719d51fc8}> (0x0000000719d51fc8) 
thrown [s\src\hotspot\share\prims\jni.cpp, line 516]
Event: 0.290 Thread 0x000001e328ca1a20 Exception <a 'sun/nio/fs/WindowsException'{0x0000000719d52328}> (0x0000000719d52328) 
thrown [s\src\hotspot\share\prims\jni.cpp, line 516]
Event: 0.323 Thread 0x000001e328ca1a20 Exception <a 'sun/nio/fs/WindowsException'{0x0000000719de4740}> (0x0000000719de4740) 
thrown [s\src\hotspot\share\prims\jni.cpp, line 516]
Event: 0.323 Thread 0x000001e328ca1a20 Exception <a 'sun/nio/fs/WindowsException'{0x0000000719de4ab8}> (0x0000000719de4ab8) 
thrown [s\src\hotspot\share\prims\jni.cpp, line 516]
Event: 0.694 Thread 0x000001e328ca1a20 Exception <a 'java/lang/NoSuchMethodError'{0x0000000719a2ffe8}: 'java.lang.Object java.lang.invoke.DirectMethodHandle$Holder.newInvokeSpecial(java.lang.Object, long)'> (0x0000000719a2ffe8) 
thrown [s\src\hotspot\share\interpreter\linkResolver.cpp, line 759]
Event: 0.975 Thread 0x000001e328ca1a20 Exception <a 'sun/nio/fs/WindowsException'{0x0000000719b5b6f8}> (0x0000000719b5b6f8) 
thrown [s\src\hotspot\share\prims\jni.cpp, line 516]
Event: 0.975 Thread 0x000001e328ca1a20 Exception <a 'sun/nio/fs/WindowsException'{0x0000000719b5ba88}> (0x0000000719b5ba88) 
thrown [s\src\hotspot\share\prims\jni.cpp, line 516]
Event: 0.979 Thread 0x000001e328ca1a20 Exception <a 'sun/nio/fs/WindowsException'{0x0000000719b6ad98}> (0x0000000719b6ad98) 
thrown [s\src\hotspot\share\prims\jni.cpp, line 516]
Event: 0.979 Thread 0x000001e328ca1a20 Exception <a 'sun/nio/fs/WindowsException'{0x0000000719b6b068}> (0x0000000719b6b068) 
thrown [s\src\hotspot\share\prims\jni.cpp, line 516]

VM Operations (18 events):
Event: 0.111 Executing VM operation: HandshakeAllThreads
Event: 0.111 Executing VM operation: HandshakeAllThreads done
Event: 0.184 Executing VM operation: HandshakeAllThreads
Event: 0.184 Executing VM operation: HandshakeAllThreads done
Event: 0.221 Executing VM operation: HandshakeAllThreads
Event: 0.221 Executing VM operation: HandshakeAllThreads done
Event: 1.049 Executing VM operation: HandshakeAllThreads
Event: 1.049 Executing VM operation: HandshakeAllThreads done
Event: 1.049 Executing VM operation: Cleanup
Event: 1.049 Executing VM operation: Cleanup done
Event: 1.591 Executing VM operation: HandshakeAllThreads
Event: 1.591 Executing VM operation: HandshakeAllThreads done
Event: 2.560 Executing VM operation: G1CollectForAllocation
Event: 2.563 Executing VM operation: G1CollectForAllocation done
Event: 3.564 Executing VM operation: Cleanup
Event: 3.564 Executing VM operation: Cleanup done
Event: 5.564 Executing VM operation: Cleanup
Event: 5.564 Executing VM operation: Cleanup done

Events (20 events):
Event: 5.789 loading class jdk/internal/reflect/ByteVectorImpl
Event: 5.789 loading class jdk/internal/reflect/ByteVector
Event: 5.789 loading class jdk/internal/reflect/ByteVector done
Event: 5.789 loading class jdk/internal/reflect/ByteVectorImpl done
Event: 5.789 loading class jdk/internal/reflect/ClassFileAssembler
Event: 5.789 loading class jdk/internal/reflect/ClassFileAssembler done
Event: 5.789 loading class jdk/internal/reflect/UTF8
Event: 5.789 loading class jdk/internal/reflect/UTF8 done
Event: 5.789 loading class jdk/internal/reflect/Label
Event: 5.789 loading class jdk/internal/reflect/Label done
Event: 5.789 loading class jdk/internal/reflect/Label$PatchInfo
Event: 5.789 loading class jdk/internal/reflect/Label$PatchInfo done
Event: 5.789 loading class jdk/internal/reflect/MethodAccessorGenerator$1
Event: 5.789 loading class jdk/internal/reflect/MethodAccessorGenerator$1 done
Event: 5.789 loading class jdk/internal/reflect/ClassDefiner
Event: 5.789 loading class jdk/internal/reflect/ClassDefiner done
Event: 5.789 loading class jdk/internal/reflect/ClassDefiner$1
Event: 5.789 loading class jdk/internal/reflect/ClassDefiner$1 done
Event: 5.790 loading class jdk/internal/reflect/BootstrapConstructorAccessorImpl
Event: 5.790 loading class jdk/internal/reflect/BootstrapConstructorAccessorImpl done


Dynamic libraries:
0x00007ff6ad2a0000 - 0x00007ff6ad2ad000 	C:\Users\envy\.jdks\corretto-17.0.5\bin\java.exe
0x00007ffec7ab0000 - 0x00007ffec7cc4000 	C:\WINDOWS\SYSTEM32\ntdll.dll
0x00007ffec6840000 - 0x00007ffec6902000 	C:\WINDOWS\System32\KERNEL32.DLL
0x00007ffec4fb0000 - 0x00007ffec534d000 	C:\WINDOWS\System32\KERNELBASE.dll
0x00007ffec5350000 - 0x00007ffec5461000 	C:\WINDOWS\System32\ucrtbase.dll
0x00007ffe81ee0000 - 0x00007ffe81ef7000 	C:\Users\envy\.jdks\corretto-17.0.5\bin\jli.dll
0x00007ffe803b0000 - 0x00007ffe803c5000 	C:\Users\envy\.jdks\corretto-17.0.5\bin\VCRUNTIME140.dll
0x00007ffec74b0000 - 0x00007ffec765a000 	C:\WINDOWS\System32\USER32.dll
0x00007ffec4f80000 - 0x00007ffec4fa6000 	C:\WINDOWS\System32\win32u.dll
0x00007ffeac760000 - 0x00007ffeac9ee000 	C:\WINDOWS\WinSxS\amd64_microsoft.windows.common-controls_6595b64144ccf1df_6.0.22621.608_none_a9444ca7c10bb01d\COMCTL32.dll
0x00007ffec7660000 - 0x00007ffec7689000 	C:\WINDOWS\System32\GDI32.dll
0x00007ffec5d30000 - 0x00007ffec5dd7000 	C:\WINDOWS\System32\msvcrt.dll
0x00007ffec5470000 - 0x00007ffec5582000 	C:\WINDOWS\System32\gdi32full.dll
0x00007ffec4ee0000 - 0x00007ffec4f7a000 	C:\WINDOWS\System32\msvcp_win.dll
0x00007ffec6530000 - 0x00007ffec6562000 	C:\WINDOWS\System32\IMM32.DLL
0x00007ffe24e10000 - 0x00007ffe24eab000 	C:\Users\envy\.jdks\corretto-17.0.5\bin\msvcp140.dll
0x00007ffe22910000 - 0x00007ffe23524000 	C:\Users\envy\.jdks\corretto-17.0.5\bin\server\jvm.dll
0x00007ffec7260000 - 0x00007ffec730e000 	C:\WINDOWS\System32\ADVAPI32.dll
0x00007ffec7840000 - 0x00007ffec78e4000 	C:\WINDOWS\System32\sechost.dll
0x00007ffec76b0000 - 0x00007ffec77c5000 	C:\WINDOWS\System32\RPCRT4.dll
0x00007ffebc030000 - 0x00007ffebc064000 	C:\WINDOWS\SYSTEM32\WINMM.dll
0x00007ffebc260000 - 0x00007ffebc26a000 	C:\WINDOWS\SYSTEM32\VERSION.dll
0x00007ffe9fa10000 - 0x00007ffe9fa19000 	C:\WINDOWS\SYSTEM32\WSOCK32.dll
0x00007ffec78f0000 - 0x00007ffec7961000 	C:\WINDOWS\System32\WS2_32.dll
0x00007ffec3f20000 - 0x00007ffec3f38000 	C:\WINDOWS\SYSTEM32\kernel.appcore.dll
0x00007ffe82680000 - 0x00007ffe8268a000 	C:\Users\envy\.jdks\corretto-17.0.5\bin\jimage.dll
0x00007ffec27a0000 - 0x00007ffec29ce000 	C:\WINDOWS\SYSTEM32\DBGHELP.DLL
0x00007ffec6020000 - 0x00007ffec63aa000 	C:\WINDOWS\System32\combase.dll
0x00007ffec6760000 - 0x00007ffec6837000 	C:\WINDOWS\System32\OLEAUT32.dll
0x00007ffea6bf0000 - 0x00007ffea6c22000 	C:\WINDOWS\SYSTEM32\dbgcore.DLL
0x00007ffec5830000 - 0x00007ffec58ab000 	C:\WINDOWS\System32\bcryptPrimitives.dll
0x00007ffe29860000 - 0x00007ffe29885000 	C:\Users\envy\.jdks\corretto-17.0.5\bin\java.dll
0x00007ffe24d30000 - 0x00007ffe24e06000 	C:\Users\envy\.jdks\corretto-17.0.5\bin\jsvml.dll
0x00007ffec6960000 - 0x00007ffec7140000 	C:\WINDOWS\System32\SHELL32.dll
0x00007ffec2ed0000 - 0x00007ffec3795000 	C:\WINDOWS\SYSTEM32\windows.storage.dll
0x00007ffec2d90000 - 0x00007ffec2ece000 	C:\WINDOWS\SYSTEM32\wintypes.dll
0x00007ffec7970000 - 0x00007ffec7a61000 	C:\WINDOWS\System32\SHCORE.dll
0x00007ffec6440000 - 0x00007ffec649e000 	C:\WINDOWS\System32\shlwapi.dll
0x00007ffec4e10000 - 0x00007ffec4e31000 	C:\WINDOWS\SYSTEM32\profapi.dll
0x00007ffe56360000 - 0x00007ffe56379000 	C:\Users\envy\.jdks\corretto-17.0.5\bin\net.dll
0x00007ffebec70000 - 0x00007ffebed9f000 	C:\WINDOWS\SYSTEM32\WINHTTP.dll
0x00007ffec4390000 - 0x00007ffec43f9000 	C:\WINDOWS\system32\mswsock.dll
0x00007ffe364d0000 - 0x00007ffe364e5000 	C:\Users\envy\.jdks\corretto-17.0.5\bin\nio.dll
0x00007ffe27950000 - 0x00007ffe27968000 	C:\Users\envy\.jdks\corretto-17.0.5\bin\zip.dll
0x0000000070f80000 - 0x0000000070fa9000 	C:\Users\envy\AppData\Local\Temp\libgdxenvy\e787ab0a\gdx64.dll
0x00007ffe9d540000 - 0x00007ffe9d5b5000 	C:\Users\envy\AppData\Local\Temp\lwjglenvy\3.3.1-build-7\lwjgl.dll
0x00007ffe208d0000 - 0x00007ffe20b29000 	C:\Users\envy\AppData\Local\Temp\lwjglenvy\3.3.1-build-7\jemalloc.dll
0x00007ffe9d4d0000 - 0x00007ffe9d531000 	C:\Users\envy\AppData\Local\Temp\lwjglenvy\3.3.1-build-7\glfw.dll
0x00007ffe9d440000 - 0x00007ffe9d486000 	C:\WINDOWS\SYSTEM32\dinput8.dll
0x00007ffeae690000 - 0x00007ffeae6a1000 	C:\WINDOWS\SYSTEM32\xinput1_4.dll
0x00007ffec4aa0000 - 0x00007ffec4ad3000 	C:\WINDOWS\SYSTEM32\DEVOBJ.dll
0x00007ffec4ae0000 - 0x00007ffec4b2e000 	C:\WINDOWS\SYSTEM32\cfgmgr32.dll
0x00007ffec2250000 - 0x00007ffec227b000 	C:\WINDOWS\SYSTEM32\dwmapi.dll
0x00007ffeb4480000 - 0x00007ffeb4681000 	C:\WINDOWS\SYSTEM32\inputhost.dll
0x00007ffec1990000 - 0x00007ffec1ac3000 	C:\WINDOWS\SYSTEM32\CoreMessaging.dll
0x00007ffec1fc0000 - 0x00007ffec206b000 	C:\WINDOWS\system32\uxtheme.dll
0x00007ffec4610000 - 0x00007ffec461c000 	C:\WINDOWS\SYSTEM32\CRYPTBASE.DLL
0x00007ffec7140000 - 0x00007ffec725e000 	C:\WINDOWS\System32\MSCTF.dll
0x00007ffe36330000 - 0x00007ffe364c7000 	C:\Users\envy\AppData\Local\Temp\lwjglenvy\3.3.1-build-7\OpenAL.dll
0x00007ffec7310000 - 0x00007ffec74ac000 	C:\WINDOWS\System32\ole32.dll
0x00007ffec6680000 - 0x00007ffec6737000 	C:\WINDOWS\System32\clbcatq.dll
0x00007ffeafcc0000 - 0x00007ffeafd5d000 	C:\WINDOWS\System32\MMDevApi.dll
0x00007ffeabd90000 - 0x00007ffeabf74000 	C:\WINDOWS\SYSTEM32\AUDIOSES.DLL
0x00007ffec2590000 - 0x00007ffec25a5000 	C:\WINDOWS\SYSTEM32\resourcepolicyclient.dll
0x00007ffec4db0000 - 0x00007ffec4dfd000 	C:\WINDOWS\SYSTEM32\powrprof.dll
0x00007ffec4d90000 - 0x00007ffec4da3000 	C:\WINDOWS\SYSTEM32\UMPDC.dll
0x00007ffe49e00000 - 0x00007ffe49f00000 	C:\WINDOWS\SYSTEM32\opengl32.dll
0x00007ffe49810000 - 0x00007ffe4983d000 	C:\WINDOWS\SYSTEM32\GLU32.dll
0x00007ffec20d0000 - 0x00007ffec2106000 	C:\WINDOWS\SYSTEM32\dxcore.dll
0x00007ffebef20000 - 0x00007ffebef69000 	C:\WINDOWS\SYSTEM32\directxdatabasehelper.dll
0x00007ffebc500000 - 0x00007ffebc636000 	C:\Windows\System32\AppXDeploymentClient.dll
0x00007ffead0d0000 - 0x00007ffead1c6000 	C:\Windows\System32\Windows.ApplicationModel.dll
0x00007ffec1da0000 - 0x00007ffec1ea0000 	C:\WINDOWS\system32\propsys.dll
0x00007ffeae200000 - 0x00007ffeae29c000 	C:\Windows\System32\Windows.FileExplorer.Common.dll
0x00007ffead830000 - 0x00007ffeadca6000 	C:\WINDOWS\system32\windowsudk.shellcommon.dll
0x00007ffebfe80000 - 0x00007ffebfeb7000 	C:\WINDOWS\system32\XmlLite.dll
0x00007ffec44a0000 - 0x00007ffec44c8000 	C:\WINDOWS\system32\USERENV.dll
0x00007ffead020000 - 0x00007ffead0c3000 	C:\Windows\System32\OneCoreCommonProxyStub.dll
0x00007ffebcb20000 - 0x00007ffebcb7a000 	C:\Windows\System32\vaultcli.dll
0x00007ffe9d8b0000 - 0x00007ffe9d99b000 	C:\Windows\System32\Windows.StateRepositoryPS.dll
0x00007ffeba230000 - 0x00007ffeba26d000 	C:\WINDOWS\SYSTEM32\windows.staterepositoryclient.dll
0x00007ffec1c70000 - 0x00007ffec1d07000 	C:\WINDOWS\SYSTEM32\apphelp.dll
0x00007ffe9b6b0000 - 0x00007ffe9b6ca000 	C:\WINDOWS\system32\NetworkExplorer.dll
0x00007ffe81240000 - 0x00007ffe81266000 	C:\WINDOWS\system32\mssprxy.dll
0x00007ffe96800000 - 0x00007ffe9682c000 	C:\WINDOWS\System32\DriverStore\FileRepository\u0375694.inf_amd64_62ed8923349516fa\B374868\atig6pxx.dll
0x00007ffe1d8e0000 - 0x00007ffe20723000 	C:\WINDOWS\System32\DriverStore\FileRepository\u0375694.inf_amd64_62ed8923349516fa\B374868\atio6axx.dll
0x00007ffec58b0000 - 0x00007ffec5d2a000 	C:\WINDOWS\System32\SETUPAPI.dll
0x00007ffe55640000 - 0x00007ffe55665000 	C:\WINDOWS\SYSTEM32\dxva2.dll
0x00007ffe27910000 - 0x00007ffe2794f000 	C:\WINDOWS\System32\DriverStore\FileRepository\u0375694.inf_amd64_62ed8923349516fa\B374868\atig6txx.dll
0x00007ffe49640000 - 0x00007ffe4980c000 	C:\WINDOWS\SYSTEM32\atiadlxx.dll
0x00007ffec76a0000 - 0x00007ffec76a8000 	C:\WINDOWS\System32\PSAPI.DLL
0x00007ffe51ff0000 - 0x00007ffe52040000 	C:\WINDOWS\SYSTEM32\pdh.dll
0x00007ffec5650000 - 0x00007ffec56b9000 	C:\WINDOWS\System32\WINTRUST.dll
0x00007ffec56c0000 - 0x00007ffec5826000 	C:\WINDOWS\System32\CRYPT32.dll
0x00007ffec4650000 - 0x00007ffec4662000 	C:\WINDOWS\SYSTEM32\MSASN1.dll
0x00007ffe82ae0000 - 0x00007ffe82b3d000 	C:\Users\envy\AppData\Local\Temp\lwjglenvy\3.3.1-build-7\lwjgl_opengl.dll
0x00007ffebac30000 - 0x00007ffebad5d000 	C:\WINDOWS\SYSTEM32\textinputframework.dll
0x00007ffebe540000 - 0x00007ffebe8ac000 	C:\WINDOWS\SYSTEM32\CoreUIComponents.dll
0x00007ffe97760000 - 0x00007ffe977c9000 	C:\WINDOWS\system32\Oleacc.dll
0x00007ffe8d770000 - 0x00007ffe8dbb1000 	C:\WINDOWS\SYSTEM32\uiautomationcore.dll

dbghelp: loaded successfully - version: 4.0.5 - missing functions: none
symbol engine: initialized successfully - sym options: 0x614 - pdb path: .;C:\Users\envy\.jdks\corretto-17.0.5\bin;C:\WINDOWS\SYSTEM32;C:\WINDOWS\WinSxS\amd64_microsoft.windows.common-controls_6595b64144ccf1df_6.0.22621.608_none_a9444ca7c10bb01d;C:\Users\envy\.jdks\corretto-17.0.5\bin\server;C:\Users\envy\AppData\Local\Temp\libgdxenvy\e787ab0a;C:\Users\envy\AppData\Local\Temp\lwjglenvy\3.3.1-build-7;C:\WINDOWS\System32\DriverStore\FileRepository\u0375694.inf_amd64_62ed8923349516fa\B374868

VM Arguments:
jvm_args: -Dfile.encoding=windows-1252 -Duser.country=IN -Duser.language=en -Duser.variant 
java_command: com.mygdx.game.DesktopLauncher
java_class_path (initial): C:\Users\envy\OneDrive\Desktop\GameProject\desktop\build\classes\java\main;C:\Users\envy\OneDrive\Desktop\GameProject\desktop\build\resources\main;C:\Users\envy\.gradle\caches\modules-2\files-2.1\com.badlogicgames.gdx\gdx-backend-lwjgl3\1.11.0\58a96db4cd349be4292d547856aa1e1c5f065f4e\gdx-backend-lwjgl3-1.11.0.jar;C:\Users\envy\.gradle\caches\modules-2\files-2.1\com.badlogicgames.gdx\gdx-platform\1.11.0\697fb13eada6d3c6ca648c9788692b0159add126\gdx-platform-1.11.0-natives-desktop.jar;C:\Users\envy\.gradle\caches\modules-2\files-2.1\com.badlogicgames.gdx\gdx-bullet-platform\1.11.0\2c067b913a306ba26d482075297538ad91cdb88b\gdx-bullet-platform-1.11.0-natives-desktop.jar;C:\Users\envy\.gradle\caches\modules-2\files-2.1\com.badlogicgames.gdx\gdx-freetype-platform\1.11.0\420e2c2c206843a0d51010be28a141a1eb946235\gdx-freetype-platform-1.11.0-natives-desktop.jar;C:\Users\envy\.gradle\caches\modules-2\files-2.1\com.badlogicgames.gdx-controllers\gdx-controllers-desktop\2.2.1\cb3430c32468a090eca54d494d16bb3764ceff9b\gdx-controllers-desktop-2.2.1.jar;C:\Users\envy\.gradle\caches\modules-2\files-2.1\com.badlogicgames.gdx\gdx-box2d-platform\1.11.0\62ff9baa1e57a11e0a4428a38c9660bf9f312fdc\gdx-box2d-platform-1.11.0-natives-desktop.jar;C:\Users\envy\OneDrive\Desktop\GameProject\core\build\libs\core-1.0.jar;C:\Users\envy\.gradle\caches\modules-2\files-2.1\com.badlogicgames.gdx-controllers\gdx-controllers-core\2.2.1\8aca0dc002a8daf6a6d28f49c44e25189dd93fd7\gdx-controllers-core-2.2.1.jar;C:\Users\envy\.gradle\caches\modules-2\files-2.1\com.badlogicgames.gdx\gdx-bullet\1.11.0\1eb83845fa655e7e8ab6bbb979d28b0502ad3302\gdx-bullet-1.11.0.jar;C:\Users\envy\.gradle\caches\modules-2\files-2.1\com.badlogicgames.gdx\gdx-freetype\1.11.0\a3634ad2e6c56d251268d6ab5c0f66eee2841f2c\gdx-freetype-1.11.0.jar;C:\Users\envy\.gradle\caches\modules-2\files-2.1\com.badlogicgames.ashley\ashley\1.7.4\21a3a8932919099c4e5006a7d8378dcbe76ef8a5\ashley-1.7.4.jar;C:\Users\envy\.gradle\caches\
Launcher Type: SUN_STANDARD

[Global flags]
     intx CICompilerCount                          = 4                                         {product} {ergonomic}
     uint ConcGCThreads                            = 3                                         {product} {ergonomic}
     uint G1ConcRefinementThreads                  = 10                                        {product} {ergonomic}
   size_t G1HeapRegionSize                         = 2097152                                   {product} {ergonomic}
    uintx GCDrainStackTargetSize                   = 64                                        {product} {ergonomic}
   size_t InitialHeapSize                          = 257949696                                 {product} {ergonomic}
   size_t MarkStackSize                            = 4194304                                   {product} {ergonomic}
   size_t MaxHeapSize                              = 4110417920                                {product} {ergonomic}
   size_t MaxNewSize                               = 2466250752                                {product} {ergonomic}
   size_t MinHeapDeltaBytes                        = 2097152                                   {product} {ergonomic}
   size_t MinHeapSize                              = 8388608                                   {product} {ergonomic}
    uintx NonNMethodCodeHeapSize                   = 5839372                                {pd product} {ergonomic}
    uintx NonProfiledCodeHeapSize                  = 122909434                              {pd product} {ergonomic}
    uintx ProfiledCodeHeapSize                     = 122909434                              {pd product} {ergonomic}
    uintx ReservedCodeCacheSize                    = 251658240                              {pd product} {ergonomic}
     bool SegmentedCodeCache                       = true                                      {product} {ergonomic}
   size_t SoftMaxHeapSize                          = 4110417920                             {manageable} {ergonomic}
     bool UseCompressedClassPointers               = true                           {product lp64_product} {ergonomic}
     bool UseCompressedOops                        = true                           {product lp64_product} {ergonomic}
     bool UseG1GC                                  = true                                      {product} {ergonomic}
     bool UseLargePagesIndividualAllocation        = false                                  {pd product} {ergonomic}

Logging:
Log output configuration:
 #0: stdout all=warning uptime,level,tags
 #1: stderr all=off uptime,level,tags

Environment Variables:
PATH=C:\Program Files\Common Files\Oracle\Java\javapath;C:\WINDOWS\system32;C:\WINDOWS;C:\WINDOWS\System32\Wbem;C:\WINDOWS\System32\WindowsPowerShell\v1.0\;C:\WINDOWS\System32\OpenSSH\;C:\ProgramData\chocolatey\bin;C:\Program Files\Git\cmd;C:\Program Files\dotnet\;C:\Program Files\nodejs\;C:\Users\envy\AppData\Local\Programs\Python\Python310\Scripts\;C:\Users\envy\AppData\Local\Programs\Python\Python310\;C:\Users\envy\miniconda3;C:\Users\envy\miniconda3\Library\mingw-w64\bin;C:\Users\envy\miniconda3\Library\usr\bin;C:\Users\envy\miniconda3\Library\bin;C:\Users\envy\miniconda3\Scripts;C:\Users\envy\AppData\Local\Microsoft\WindowsApps;C:\Users\envy\AppData\Local\Programs\Microsoft VS Code\bin;C:\MinGW\mingw32\bin;C:\MinGW\bin;C:\Users\envy\AppData\Local\Programs\Python\Python310\Scripts;C:\Program Files\Java\jdk-19\bin;;C:\Program Files\JetBrains\IntelliJ IDEA Community Edition 2022.2.2\bin;;C:\Users\envy\AppData\Roaming\npm
USERNAME=envy
OS=Windows_NT
PROCESSOR_IDENTIFIER=AMD64 Family 25 Model 80 Stepping 0, AuthenticAMD
TMP=C:\Users\envy\AppData\Local\Temp
TEMP=C:\Users\envy\AppData\Local\Temp



---------------  S Y S T E M  ---------------

OS:
 Windows 11 , 64 bit Build 22621 (10.0.22621.755)
OS uptime: 0 days 3:29 hours
Hyper-V role detected

CPU: total 12 (initial active 12) (12 cores per cpu, 2 threads per core) family 25 model 80 stepping 0 microcode 0x0, cx8, cmov, fxsr, ht, mmx, 3dnowpref, sse, sse2, sse3, ssse3, sse4a, sse4.1, sse4.2, popcnt, lzcnt, tsc, tscinvbit, avx, avx2, aes, erms, clmul, bmi1, bmi2, adx, sha, fma, vzeroupper, clflush, clflushopt, hv

Memory: 4k page, system-wide physical 15679M (2529M free)
TotalPageFile size 31359M (AvailPageFile size 11549M)
current process WorkingSet (physical memory assigned to process): 200M, peak: 262M
current process commit charge ("private bytes"): 622M, peak: 677M

vm_info: OpenJDK 64-Bit Server VM (17.0.5+8-LTS) for windows-amd64 JRE (17.0.5+8-LTS), built on Oct 13 2022 05:18:14 by "Administrator" with MS VC++ 15.9 (VS2017)

END.
