#
# A fatal error has been detected by the Java Runtime Environment:
#
#  EXCEPTION_ACCESS_VIOLATION (0xc0000005) at pc=0x00007ffdda8596a6, pid=28048, tid=13436
#
# JRE version: OpenJDK Runtime Environment Corretto-17.0.5.8.1 (17.0.5+8) (build 17.0.5+8-LTS)
# Java VM: OpenJDK 64-Bit Server VM Corretto-17.0.5.8.1 (17.0.5+8-LTS, mixed mode, sharing, tiered, compressed oops, compressed class ptrs, g1 gc, windows-amd64)
# Problematic frame:
# C  [msvcrt.dll+0x796a6]
#
# No core dump will be written. Minidumps are not enabled by default on client versions of Windows
#
# If you would like to submit a bug report, please visit:
#   https://github.com/corretto/corretto-17/issues/
# The crash happened outside the Java Virtual Machine in native code.
# See problematic frame for where to report the bug.
#

---------------  S U M M A R Y ------------

Command Line: -Dfile.encoding=windows-1252 -Duser.country=IN -Duser.language=en -Duser.variant com.mygdx.game.DesktopLauncher

Host: AMD Ryzen 5 5600U with Radeon Graphics         , 12 cores, 15G,  Windows 11 , 64 bit Build 22621 (10.0.22621.963)
Time: Mon Dec 19 19:01:16 2022 India Standard Time elapsed time: 6.078388 seconds (0d 0h 0m 6s)

---------------  T H R E A D  ---------------

Current thread (0x0000015619532a70):  JavaThread "main" [_thread_in_native, id=13436, stack(0x0000003942100000,0x0000003942200000)]

Stack: [0x0000003942100000,0x0000003942200000],  sp=0x00000039421fed78,  free space=1019k
Native frames: (J=compiled Java code, j=interpreted, Vv=VM code, C=native code)
C  [msvcrt.dll+0x796a6]
C  [gdx64.dll+0x2241]

Java frames: (J=compiled Java code, j=interpreted, Vv=VM code)
J 1058  com.badlogic.gdx.utils.BufferUtils.copyJni([FLjava/nio/Buffer;II)V (0 bytes) @ 0x0000015628b4c498 [0x0000015628b4c420+0x0000000000000078]
J 1399 c2 com.badlogic.gdx.graphics.g2d.SpriteBatch.flush()V (193 bytes) @ 0x0000015628b7a644 [0x0000015628b7a4e0+0x0000000000000164]
J 1313 c2 com.badlogic.gdx.graphics.g2d.SpriteBatch.draw(Lcom/badlogic/gdx/graphics/Texture;[FII)V (165 bytes) @ 0x0000015628b64b10 [0x0000015628b63fa0+0x0000000000000b70]
J 1322 c2 com.badlogic.gdx.maps.tiled.renderers.OrthogonalTiledMapRenderer.renderTileLayer(Lcom/badlogic/gdx/maps/tiled/TiledMapTileLayer;)V (995 bytes) @ 0x0000015628b6f0a4 [0x0000015628b6ee00+0x00000000000002a4]
j  com.badlogic.gdx.maps.tiled.renderers.BatchTiledMapRenderer.renderMapLayer(Lcom/badlogic/gdx/maps/MapLayer;)V+78
j  com.badlogic.gdx.maps.tiled.renderers.BatchTiledMapRenderer.render()V+36
j  com.mygdx.game.BattleArena.render(F)V+549
J 1390 c1 com.badlogic.gdx.backends.lwjgl3.Lwjgl3Window.update()Z (217 bytes) @ 0x000001562181ba54 [0x000001562181ad00+0x0000000000000d54]
j  com.badlogic.gdx.backends.lwjgl3.Lwjgl3Application.loop()V+111
j  com.badlogic.gdx.backends.lwjgl3.Lwjgl3Application.<init>(Lcom/badlogic/gdx/ApplicationListener;Lcom/badlogic/gdx/backends/lwjgl3/Lwjgl3ApplicationConfiguration;)V+269
j  com.mygdx.game.DesktopLauncher.main([Ljava/lang/String;)V+42
v  ~StubRoutines::call_stub

siginfo: EXCEPTION_ACCESS_VIOLATION (0xc0000005), writing address 0x0000015648062000


Register to memory mapping:

RIP=0x00007ffdda8596a6 msvcrt.dll
RAX=0x0000015648061b50 points into unknown readable memory: 0x43c6000044d0c000 | 00 c0 d0 44 00 00 c6 43
RBX=0x0000015619532d18 points into unknown readable memory: 0x000001563d4ae280 | 80 e2 4a 3d 56 01 00 00
RCX=0x0000015648062020 is an unknown value
RDX=0xfffffeb0d1b9e4c0 is an unknown value
RSP=0x00000039421fed78 is pointing into the stack for thread: 0x0000015619532a70
RBP=0x00000039421fee10 is pointing into the stack for thread: 0x0000015619532a70
RSI=0x0000000000004e20 is an unknown value
RDI=0x0 is NULL
R8 =0x0000000000000030 is an unknown value
R9 =0x00000000000004ce is an unknown value
R10=0x00007ffd4fa25450 jvm.dll
R11=0x0000000719c13890 is an oop: [B 
{0x0000000719c13890} - klass: {type array byte}
 - length: 148
R12=0x0000015648061b50 points into unknown readable memory: 0x43c6000044d0c000 | 00 c0 d0 44 00 00 c6 43
R13=0x0000000719c00010 is pointing into object: [F 
{0x0000000719c00000} - klass: {type array float}
 - length: 20000
R14=0x00000039421fee40 is pointing into the stack for thread: 0x0000015619532a70
R15=0x0000015619532a70 is a thread


Registers:
RAX=0x0000015648061b50, RBX=0x0000015619532d18, RCX=0x0000015648062020, RDX=0xfffffeb0d1b9e4c0
RSP=0x00000039421fed78, RBP=0x00000039421fee10, RSI=0x0000000000004e20, RDI=0x0000000000000000
R8 =0x0000000000000030, R9 =0x00000000000004ce, R10=0x00007ffd4fa25450, R11=0x0000000719c13890
R12=0x0000015648061b50, R13=0x0000000719c00010, R14=0x00000039421fee40, R15=0x0000015619532a70
RIP=0x00007ffdda8596a6, EFLAGS=0x0000000000010202

Top of Stack: (sp=0x00000039421fed78)
0x00000039421fed78:   0000000061072241 0000015619532d18
0x00000039421fed88:   00000039421fee10 0000000000004e20
0x00000039421fed98:   0000000000000000 0000000000000000
0x00000039421feda8:   00000000e33fe28c 0000000000000008
0x00000039421fedb8:   0000000000000000 00000039421fee50
0x00000039421fedc8:   0000000000000000 0000000000cabfc8
0x00000039421fedd8:   0000015628b4c538 0000000000000000
0x00000039421fede8:   0000015628b4ea0c 000000071a1297f8
0x00000039421fedf8:   00000039421fee50 0000000000004e20
0x00000039421fee08:   0000000000000000 0000000719c00000
0x00000039421fee18:   0000000719ff15a8 00000039421ff0b8
0x00000039421fee28:   000001562175ad6c 0000000718e407c8
0x00000039421fee38:   0000000000000010 0000000718f52c28
0x00000039421fee48:   0000015621796ca4 0000000719ff1588
0x00000039421fee58:   0000015628b7a644 0000000719ff12c0
0x00000039421fee68:   e33fe28c00001770 00004e201db1a490 

Instructions: (pc=0x00007ffdda8596a6)
0x00007ffdda8595a6:   0f 10 02 42 0f 10 4c 02 f0 0f 11 01 42 0f 11 4c
0x00007ffdda8595b6:   01 f0 c3 0f 1f 80 00 00 00 00 4d 85 c0 74 15 48
0x00007ffdda8595c6:   2b d1 72 16 44 8a 1c 11 48 ff c1 49 ff c8 44 88
0x00007ffdda8595d6:   59 ff 75 f0 c3 0f 1f 44 00 00 49 03 c8 44 8a 5c
0x00007ffdda8595e6:   11 ff 48 ff c9 49 ff c8 44 88 19 75 f0 c3 66 66
0x00007ffdda8595f6:   66 66 0f 1f 84 00 00 00 00 00 4e 8d 1c 02 48 2b
0x00007ffdda859606:   d1 73 09 4c 3b d9 0f 87 6e 01 00 00 0f 10 04 11
0x00007ffdda859616:   48 83 c1 10 f6 c1 0f 74 12 48 83 e1 f0 0f 10 0c
0x00007ffdda859626:   11 0f 11 00 0f 28 c1 48 83 c1 10 4c 03 c0 4c 2b
0x00007ffdda859636:   c1 4d 8b c8 49 c1 e9 06 74 6f 49 81 f9 00 10 00
0x00007ffdda859646:   00 0f 87 b3 00 00 00 49 83 e0 3f eb 2d 66 66 66
0x00007ffdda859656:   66 66 66 66 0f 1f 84 00 00 00 00 00 66 66 66 66
0x00007ffdda859666:   66 66 66 0f 1f 84 00 00 00 00 00 66 66 66 66 66
0x00007ffdda859676:   66 66 0f 1f 84 00 00 00 00 00 0f 10 0c 11 0f 10
0x00007ffdda859686:   54 11 10 0f 10 5c 11 20 0f 10 64 11 30 0f 29 41
0x00007ffdda859696:   f0 48 83 c1 40 49 ff c9 0f 29 49 c0 0f 29 51 d0
0x00007ffdda8596a6:   0f 29 59 e0 0f 28 c4 75 d1 4d 8b c8 49 c1 e9 04
0x00007ffdda8596b6:   74 19 0f 1f 84 00 00 00 00 00 0f 29 41 f0 0f 10
0x00007ffdda8596c6:   04 11 48 83 c1 10 49 ff c9 75 ef 49 83 e0 0f 74
0x00007ffdda8596d6:   0e 4e 8d 5c 01 f0 41 0f 10 0c 13 41 0f 11 0b 0f
0x00007ffdda8596e6:   29 41 f0 c3 66 66 66 66 66 66 66 0f 1f 84 00 00
0x00007ffdda8596f6:   00 00 00 0f 1f 80 00 00 00 00 4d 8b c8 49 c1 e9
0x00007ffdda859706:   06 49 83 e0 3f 0f 18 44 11 40 eb 2e 66 66 66 66
0x00007ffdda859716:   66 66 66 0f 1f 84 00 00 00 00 00 66 66 66 66 66
0x00007ffdda859726:   66 66 0f 1f 84 00 00 00 00 00 66 66 66 66 66 66
0x00007ffdda859736:   66 0f 1f 84 00 00 00 00 00 90 0f 10 0c 11 0f 10
0x00007ffdda859746:   54 11 10 0f 10 5c 11 20 0f 10 64 11 30 0f 2b 41
0x00007ffdda859756:   f0 48 83 c1 40 0f 18 44 11 40 49 ff c9 0f 2b 49
0x00007ffdda859766:   c0 0f 2b 51 d0 0f 2b 59 e0 0f 28 c4 75 cc 0f ae
0x00007ffdda859776:   f8 e9 33 ff ff ff 0f 1f 40 00 49 03 c8 0f 10 44
0x00007ffdda859786:   11 f0 48 83 e9 10 49 83 e8 10 f6 c1 0f 74 18 4c
0x00007ffdda859796:   8b d9 48 83 e1 f0 0f 10 0c 11 41 0f 11 03 0f 28 


Stack slot to memory mapping:
stack at sp + 0 slots: 0x0000000061072241 gdx64.dll
stack at sp + 1 slots: 0x0000015619532d18 points into unknown readable memory: 0x000001563d4ae280 | 80 e2 4a 3d 56 01 00 00
stack at sp + 2 slots: 0x00000039421fee10 is pointing into the stack for thread: 0x0000015619532a70
stack at sp + 3 slots: 0x0000000000004e20 is an unknown value
stack at sp + 4 slots: 0x0 is NULL
stack at sp + 5 slots: 0x0 is NULL
stack at sp + 6 slots: 3812614796 is a compressed pointer to object: com.badlogic.gdx.graphics.Mesh 
{0x0000000719ff1460} - klass: 'com/badlogic/gdx/graphics/Mesh'
 - ---- fields (total size 4 words):
 - 'autoBind' 'Z' @12  true
 - final 'isVertexArray' 'Z' @13  true
 - 'isInstanced' 'Z' @14  false
 - final 'vertices' 'Lcom/badlogic/gdx/graphics/glutils/VertexData;' @16  a 'com/badlogic/gdx/graphics/glutils/VertexArray'{0x0000000719ff1588} (e33fe2b1)
 - final 'indices' 'Lcom/badlogic/gdx/graphics/glutils/IndexData;' @20  a 'com/badlogic/gdx/graphics/glutils/IndexArray'{0x0000000719ff1620} (e33fe2c4)
 - 'instances' 'Lcom/badlogic/gdx/graphics/glutils/InstanceData;' @24  NULL (0)
 - private final 'tmpV' 'Lcom/badlogic/gdx/math/Vector3;' @28  a 'com/badlogic/gdx/math/Vector3'{0x0000000719ff1570} (e33fe2ae)
stack at sp + 7 slots: 0x0000000000000008 is an unknown value


---------------  P R O C E S S  ---------------

Threads class SMR info:
_java_thread_list=0x00000156448a7a70, length=13, elements={
0x0000015619532a70, 0x000001563c39de50, 0x000001563c39f810, 0x000001563c3ad060,
0x000001563c3ada10, 0x000001563c3ae3c0, 0x000001563cd08fe0, 0x000001563cd0dbf0,
0x000001563cd20310, 0x000001563cd2c920, 0x000001563ce49920, 0x000001563ce517e0,
0x000001564488f380
}

Java Threads: ( => current thread )
=>0x0000015619532a70 JavaThread "main" [_thread_in_native, id=13436, stack(0x0000003942100000,0x0000003942200000)]
  0x000001563c39de50 JavaThread "Reference Handler" daemon [_thread_blocked, id=35720, stack(0x0000003942800000,0x0000003942900000)]
  0x000001563c39f810 JavaThread "Finalizer" daemon [_thread_blocked, id=35224, stack(0x0000003942900000,0x0000003942a00000)]
  0x000001563c3ad060 JavaThread "Signal Dispatcher" daemon [_thread_blocked, id=26092, stack(0x0000003942a00000,0x0000003942b00000)]
  0x000001563c3ada10 JavaThread "Attach Listener" daemon [_thread_blocked, id=35468, stack(0x0000003942b00000,0x0000003942c00000)]
  0x000001563c3ae3c0 JavaThread "Service Thread" daemon [_thread_blocked, id=28120, stack(0x0000003942c00000,0x0000003942d00000)]
  0x000001563cd08fe0 JavaThread "Monitor Deflation Thread" daemon [_thread_blocked, id=30816, stack(0x0000003942d00000,0x0000003942e00000)]
  0x000001563cd0dbf0 JavaThread "C2 CompilerThread0" daemon [_thread_blocked, id=2000, stack(0x0000003942e00000,0x0000003942f00000)]
  0x000001563cd20310 JavaThread "C1 CompilerThread0" daemon [_thread_blocked, id=12432, stack(0x0000003942f00000,0x0000003943000000)]
  0x000001563cd2c920 JavaThread "Sweeper thread" daemon [_thread_blocked, id=25392, stack(0x0000003943000000,0x0000003943100000)]
  0x000001563ce49920 JavaThread "Notification Thread" daemon [_thread_blocked, id=30232, stack(0x0000003943100000,0x0000003943200000)]
  0x000001563ce517e0 JavaThread "Common-Cleaner" daemon [_thread_blocked, id=13608, stack(0x0000003943300000,0x0000003943400000)]
  0x000001564488f380 JavaThread "LWJGL3 Timer" daemon [_thread_blocked, id=19000, stack(0x0000003943e00000,0x0000003943f00000)]

Other Threads:
  0x000001563c3994a0 VMThread "VM Thread" [stack: 0x0000003942700000,0x0000003942800000] [id=12616]
  0x00000156195b7730 WatcherThread [stack: 0x0000003943200000,0x0000003943300000] [id=18512]
  0x000001561959ec50 GCTaskThread "GC Thread#0" [stack: 0x0000003942200000,0x0000003942300000] [id=1656]
  0x000001563cf3ade0 GCTaskThread "GC Thread#1" [stack: 0x0000003943c00000,0x0000003943d00000] [id=4256]
  0x000001563cf3b090 GCTaskThread "GC Thread#2" [stack: 0x0000003943f00000,0x0000003944000000] [id=34548]
  0x000001563cf3e3a0 GCTaskThread "GC Thread#3" [stack: 0x0000003944000000,0x0000003944100000] [id=22296]
  0x000001563cf3d380 GCTaskThread "GC Thread#4" [stack: 0x0000003944100000,0x0000003944200000] [id=26936]
  0x000001563cf3b340 GCTaskThread "GC Thread#5" [stack: 0x0000003944200000,0x0000003944300000] [id=12780]
  0x000001563cf3be00 GCTaskThread "GC Thread#6" [stack: 0x0000003944300000,0x0000003944400000] [id=32976]
  0x000001563cf3e900 GCTaskThread "GC Thread#7" [stack: 0x0000003944400000,0x0000003944500000] [id=34268]
  0x00000156195af0f0 ConcurrentGCThread "G1 Main Marker" [stack: 0x0000003942300000,0x0000003942400000] [id=15384]
  0x00000156195b08b0 ConcurrentGCThread "G1 Conc#0" [stack: 0x0000003942400000,0x0000003942500000] [id=16828]
  0x00000156195ee9a0 ConcurrentGCThread "G1 Refine#0" [stack: 0x0000003942500000,0x0000003942600000] [id=26200]
  0x000001563c250540 ConcurrentGCThread "G1 Service" [stack: 0x0000003942600000,0x0000003942700000] [id=18880]

Threads with active compile tasks:

VM state: not at safepoint (normal execution)

VM Mutex/Monitor currently owned by a thread: None

Heap address: 0x000000070b000000, size: 3920 MB, Compressed Oops mode: Zero based, Oop shift amount: 3

CDS archive(s) mapped at: [0x0000000800000000-0x0000000800bc0000-0x0000000800bc0000), size 12320768, SharedBaseAddress: 0x0000000800000000, ArchiveRelocationMode: 0.
Compressed class space mapped at: 0x0000000800c00000-0x0000000840c00000, reserved size: 1073741824
Narrow klass base: 0x0000000800000000, Narrow klass shift: 0, Narrow klass range: 0x100000000

GC Precious Log:
 CPUs: 12 total, 12 available
 Memory: 15679M
 Large Page Support: Disabled
 NUMA Support: Disabled
 Compressed Oops: Enabled (Zero based)
 Heap Region Size: 2M
 Heap Min Capacity: 8M
 Heap Initial Capacity: 246M
 Heap Max Capacity: 3920M
 Pre-touch: Disabled
 Parallel Workers: 10
 Concurrent Workers: 3
 Concurrent Refinement Workers: 10
 Periodic GC: Disabled

Heap:
 garbage-first heap   total 251904K, used 9390K [0x000000070b000000, 0x0000000800000000)
  region size 2048K, 7 young (14336K), 2 survivors (4096K)
 Metaspace       used 7137K, committed 7360K, reserved 1064960K
  class space    used 549K, committed 640K, reserved 1048576K

Heap Regions: E=young(eden), S=young(survivor), O=old, HS=humongous(starts), HC=humongous(continues), CS=collection set, F=free, OA=open archive, CA=closed archive, TAMS=top-at-mark-start (previous, next)
|   0|0x000000070b000000, 0x000000070b000000, 0x000000070b200000|  0%| F|  |TAMS 0x000000070b000000, 0x000000070b000000| Untracked 
|   1|0x000000070b200000, 0x000000070b200000, 0x000000070b400000|  0%| F|  |TAMS 0x000000070b200000, 0x000000070b200000| Untracked 
|   2|0x000000070b400000, 0x000000070b400000, 0x000000070b600000|  0%| F|  |TAMS 0x000000070b400000, 0x000000070b400000| Untracked 
|   3|0x000000070b600000, 0x000000070b600000, 0x000000070b800000|  0%| F|  |TAMS 0x000000070b600000, 0x000000070b600000| Untracked 
|   4|0x000000070b800000, 0x000000070b800000, 0x000000070ba00000|  0%| F|  |TAMS 0x000000070b800000, 0x000000070b800000| Untracked 
|   5|0x000000070ba00000, 0x000000070ba00000, 0x000000070bc00000|  0%| F|  |TAMS 0x000000070ba00000, 0x000000070ba00000| Untracked 
|   6|0x000000070bc00000, 0x000000070bc00000, 0x000000070be00000|  0%| F|  |TAMS 0x000000070bc00000, 0x000000070bc00000| Untracked 
|   7|0x000000070be00000, 0x000000070be00000, 0x000000070c000000|  0%| F|  |TAMS 0x000000070be00000, 0x000000070be00000| Untracked 
|   8|0x000000070c000000, 0x000000070c000000, 0x000000070c200000|  0%| F|  |TAMS 0x000000070c000000, 0x000000070c000000| Untracked 
|   9|0x000000070c200000, 0x000000070c200000, 0x000000070c400000|  0%| F|  |TAMS 0x000000070c200000, 0x000000070c200000| Untracked 
|  10|0x000000070c400000, 0x000000070c400000, 0x000000070c600000|  0%| F|  |TAMS 0x000000070c400000, 0x000000070c400000| Untracked 
|  11|0x000000070c600000, 0x000000070c600000, 0x000000070c800000|  0%| F|  |TAMS 0x000000070c600000, 0x000000070c600000| Untracked 
|  12|0x000000070c800000, 0x000000070c800000, 0x000000070ca00000|  0%| F|  |TAMS 0x000000070c800000, 0x000000070c800000| Untracked 
|  13|0x000000070ca00000, 0x000000070ca00000, 0x000000070cc00000|  0%| F|  |TAMS 0x000000070ca00000, 0x000000070ca00000| Untracked 
|  14|0x000000070cc00000, 0x000000070cc00000, 0x000000070ce00000|  0%| F|  |TAMS 0x000000070cc00000, 0x000000070cc00000| Untracked 
|  15|0x000000070ce00000, 0x000000070ce00000, 0x000000070d000000|  0%| F|  |TAMS 0x000000070ce00000, 0x000000070ce00000| Untracked 
|  16|0x000000070d000000, 0x000000070d000000, 0x000000070d200000|  0%| F|  |TAMS 0x000000070d000000, 0x000000070d000000| Untracked 
|  17|0x000000070d200000, 0x000000070d200000, 0x000000070d400000|  0%| F|  |TAMS 0x000000070d200000, 0x000000070d200000| Untracked 
|  18|0x000000070d400000, 0x000000070d400000, 0x000000070d600000|  0%| F|  |TAMS 0x000000070d400000, 0x000000070d400000| Untracked 
|  19|0x000000070d600000, 0x000000070d600000, 0x000000070d800000|  0%| F|  |TAMS 0x000000070d600000, 0x000000070d600000| Untracked 
|  20|0x000000070d800000, 0x000000070d800000, 0x000000070da00000|  0%| F|  |TAMS 0x000000070d800000, 0x000000070d800000| Untracked 
|  21|0x000000070da00000, 0x000000070da00000, 0x000000070dc00000|  0%| F|  |TAMS 0x000000070da00000, 0x000000070da00000| Untracked 
|  22|0x000000070dc00000, 0x000000070dc00000, 0x000000070de00000|  0%| F|  |TAMS 0x000000070dc00000, 0x000000070dc00000| Untracked 
|  23|0x000000070de00000, 0x000000070de00000, 0x000000070e000000|  0%| F|  |TAMS 0x000000070de00000, 0x000000070de00000| Untracked 
|  24|0x000000070e000000, 0x000000070e000000, 0x000000070e200000|  0%| F|  |TAMS 0x000000070e000000, 0x000000070e000000| Untracked 
|  25|0x000000070e200000, 0x000000070e200000, 0x000000070e400000|  0%| F|  |TAMS 0x000000070e200000, 0x000000070e200000| Untracked 
|  26|0x000000070e400000, 0x000000070e400000, 0x000000070e600000|  0%| F|  |TAMS 0x000000070e400000, 0x000000070e400000| Untracked 
|  27|0x000000070e600000, 0x000000070e600000, 0x000000070e800000|  0%| F|  |TAMS 0x000000070e600000, 0x000000070e600000| Untracked 
|  28|0x000000070e800000, 0x000000070e800000, 0x000000070ea00000|  0%| F|  |TAMS 0x000000070e800000, 0x000000070e800000| Untracked 
|  29|0x000000070ea00000, 0x000000070ea00000, 0x000000070ec00000|  0%| F|  |TAMS 0x000000070ea00000, 0x000000070ea00000| Untracked 
|  30|0x000000070ec00000, 0x000000070ec00000, 0x000000070ee00000|  0%| F|  |TAMS 0x000000070ec00000, 0x000000070ec00000| Untracked 
|  31|0x000000070ee00000, 0x000000070ee00000, 0x000000070f000000|  0%| F|  |TAMS 0x000000070ee00000, 0x000000070ee00000| Untracked 
|  32|0x000000070f000000, 0x000000070f000000, 0x000000070f200000|  0%| F|  |TAMS 0x000000070f000000, 0x000000070f000000| Untracked 
|  33|0x000000070f200000, 0x000000070f200000, 0x000000070f400000|  0%| F|  |TAMS 0x000000070f200000, 0x000000070f200000| Untracked 
|  34|0x000000070f400000, 0x000000070f400000, 0x000000070f600000|  0%| F|  |TAMS 0x000000070f400000, 0x000000070f400000| Untracked 
|  35|0x000000070f600000, 0x000000070f600000, 0x000000070f800000|  0%| F|  |TAMS 0x000000070f600000, 0x000000070f600000| Untracked 
|  36|0x000000070f800000, 0x000000070f800000, 0x000000070fa00000|  0%| F|  |TAMS 0x000000070f800000, 0x000000070f800000| Untracked 
|  37|0x000000070fa00000, 0x000000070fa00000, 0x000000070fc00000|  0%| F|  |TAMS 0x000000070fa00000, 0x000000070fa00000| Untracked 
|  38|0x000000070fc00000, 0x000000070fc00000, 0x000000070fe00000|  0%| F|  |TAMS 0x000000070fc00000, 0x000000070fc00000| Untracked 
|  39|0x000000070fe00000, 0x000000070fe00000, 0x0000000710000000|  0%| F|  |TAMS 0x000000070fe00000, 0x000000070fe00000| Untracked 
|  40|0x0000000710000000, 0x0000000710000000, 0x0000000710200000|  0%| F|  |TAMS 0x0000000710000000, 0x0000000710000000| Untracked 
|  41|0x0000000710200000, 0x0000000710200000, 0x0000000710400000|  0%| F|  |TAMS 0x0000000710200000, 0x0000000710200000| Untracked 
|  42|0x0000000710400000, 0x0000000710400000, 0x0000000710600000|  0%| F|  |TAMS 0x0000000710400000, 0x0000000710400000| Untracked 
|  43|0x0000000710600000, 0x0000000710600000, 0x0000000710800000|  0%| F|  |TAMS 0x0000000710600000, 0x0000000710600000| Untracked 
|  44|0x0000000710800000, 0x0000000710800000, 0x0000000710a00000|  0%| F|  |TAMS 0x0000000710800000, 0x0000000710800000| Untracked 
|  45|0x0000000710a00000, 0x0000000710a00000, 0x0000000710c00000|  0%| F|  |TAMS 0x0000000710a00000, 0x0000000710a00000| Untracked 
|  46|0x0000000710c00000, 0x0000000710c00000, 0x0000000710e00000|  0%| F|  |TAMS 0x0000000710c00000, 0x0000000710c00000| Untracked 
|  47|0x0000000710e00000, 0x0000000710e00000, 0x0000000711000000|  0%| F|  |TAMS 0x0000000710e00000, 0x0000000710e00000| Untracked 
|  48|0x0000000711000000, 0x0000000711000000, 0x0000000711200000|  0%| F|  |TAMS 0x0000000711000000, 0x0000000711000000| Untracked 
|  49|0x0000000711200000, 0x0000000711200000, 0x0000000711400000|  0%| F|  |TAMS 0x0000000711200000, 0x0000000711200000| Untracked 
|  50|0x0000000711400000, 0x0000000711400000, 0x0000000711600000|  0%| F|  |TAMS 0x0000000711400000, 0x0000000711400000| Untracked 
|  51|0x0000000711600000, 0x0000000711600000, 0x0000000711800000|  0%| F|  |TAMS 0x0000000711600000, 0x0000000711600000| Untracked 
|  52|0x0000000711800000, 0x0000000711800000, 0x0000000711a00000|  0%| F|  |TAMS 0x0000000711800000, 0x0000000711800000| Untracked 
|  53|0x0000000711a00000, 0x0000000711a00000, 0x0000000711c00000|  0%| F|  |TAMS 0x0000000711a00000, 0x0000000711a00000| Untracked 
|  54|0x0000000711c00000, 0x0000000711c00000, 0x0000000711e00000|  0%| F|  |TAMS 0x0000000711c00000, 0x0000000711c00000| Untracked 
|  55|0x0000000711e00000, 0x0000000711e00000, 0x0000000712000000|  0%| F|  |TAMS 0x0000000711e00000, 0x0000000711e00000| Untracked 
|  56|0x0000000712000000, 0x0000000712000000, 0x0000000712200000|  0%| F|  |TAMS 0x0000000712000000, 0x0000000712000000| Untracked 
|  57|0x0000000712200000, 0x0000000712200000, 0x0000000712400000|  0%| F|  |TAMS 0x0000000712200000, 0x0000000712200000| Untracked 
|  58|0x0000000712400000, 0x0000000712400000, 0x0000000712600000|  0%| F|  |TAMS 0x0000000712400000, 0x0000000712400000| Untracked 
|  59|0x0000000712600000, 0x0000000712600000, 0x0000000712800000|  0%| F|  |TAMS 0x0000000712600000, 0x0000000712600000| Untracked 
|  60|0x0000000712800000, 0x0000000712800000, 0x0000000712a00000|  0%| F|  |TAMS 0x0000000712800000, 0x0000000712800000| Untracked 
|  61|0x0000000712a00000, 0x0000000712a00000, 0x0000000712c00000|  0%| F|  |TAMS 0x0000000712a00000, 0x0000000712a00000| Untracked 
|  62|0x0000000712c00000, 0x0000000712c00000, 0x0000000712e00000|  0%| F|  |TAMS 0x0000000712c00000, 0x0000000712c00000| Untracked 
|  63|0x0000000712e00000, 0x0000000712e00000, 0x0000000713000000|  0%| F|  |TAMS 0x0000000712e00000, 0x0000000712e00000| Untracked 
|  64|0x0000000713000000, 0x0000000713000000, 0x0000000713200000|  0%| F|  |TAMS 0x0000000713000000, 0x0000000713000000| Untracked 
|  65|0x0000000713200000, 0x0000000713200000, 0x0000000713400000|  0%| F|  |TAMS 0x0000000713200000, 0x0000000713200000| Untracked 
|  66|0x0000000713400000, 0x0000000713400000, 0x0000000713600000|  0%| F|  |TAMS 0x0000000713400000, 0x0000000713400000| Untracked 
|  67|0x0000000713600000, 0x0000000713600000, 0x0000000713800000|  0%| F|  |TAMS 0x0000000713600000, 0x0000000713600000| Untracked 
|  68|0x0000000713800000, 0x0000000713800000, 0x0000000713a00000|  0%| F|  |TAMS 0x0000000713800000, 0x0000000713800000| Untracked 
|  69|0x0000000713a00000, 0x0000000713a00000, 0x0000000713c00000|  0%| F|  |TAMS 0x0000000713a00000, 0x0000000713a00000| Untracked 
|  70|0x0000000713c00000, 0x0000000713c00000, 0x0000000713e00000|  0%| F|  |TAMS 0x0000000713c00000, 0x0000000713c00000| Untracked 
|  71|0x0000000713e00000, 0x0000000713e00000, 0x0000000714000000|  0%| F|  |TAMS 0x0000000713e00000, 0x0000000713e00000| Untracked 
|  72|0x0000000714000000, 0x0000000714000000, 0x0000000714200000|  0%| F|  |TAMS 0x0000000714000000, 0x0000000714000000| Untracked 
|  73|0x0000000714200000, 0x0000000714200000, 0x0000000714400000|  0%| F|  |TAMS 0x0000000714200000, 0x0000000714200000| Untracked 
|  74|0x0000000714400000, 0x0000000714400000, 0x0000000714600000|  0%| F|  |TAMS 0x0000000714400000, 0x0000000714400000| Untracked 
|  75|0x0000000714600000, 0x0000000714600000, 0x0000000714800000|  0%| F|  |TAMS 0x0000000714600000, 0x0000000714600000| Untracked 
|  76|0x0000000714800000, 0x0000000714800000, 0x0000000714a00000|  0%| F|  |TAMS 0x0000000714800000, 0x0000000714800000| Untracked 
|  77|0x0000000714a00000, 0x0000000714a00000, 0x0000000714c00000|  0%| F|  |TAMS 0x0000000714a00000, 0x0000000714a00000| Untracked 
|  78|0x0000000714c00000, 0x0000000714c00000, 0x0000000714e00000|  0%| F|  |TAMS 0x0000000714c00000, 0x0000000714c00000| Untracked 
|  79|0x0000000714e00000, 0x0000000714e00000, 0x0000000715000000|  0%| F|  |TAMS 0x0000000714e00000, 0x0000000714e00000| Untracked 
|  80|0x0000000715000000, 0x0000000715000000, 0x0000000715200000|  0%| F|  |TAMS 0x0000000715000000, 0x0000000715000000| Untracked 
|  81|0x0000000715200000, 0x0000000715200000, 0x0000000715400000|  0%| F|  |TAMS 0x0000000715200000, 0x0000000715200000| Untracked 
|  82|0x0000000715400000, 0x0000000715400000, 0x0000000715600000|  0%| F|  |TAMS 0x0000000715400000, 0x0000000715400000| Untracked 
|  83|0x0000000715600000, 0x0000000715600000, 0x0000000715800000|  0%| F|  |TAMS 0x0000000715600000, 0x0000000715600000| Untracked 
|  84|0x0000000715800000, 0x0000000715800000, 0x0000000715a00000|  0%| F|  |TAMS 0x0000000715800000, 0x0000000715800000| Untracked 
|  85|0x0000000715a00000, 0x0000000715a00000, 0x0000000715c00000|  0%| F|  |TAMS 0x0000000715a00000, 0x0000000715a00000| Untracked 
|  86|0x0000000715c00000, 0x0000000715c00000, 0x0000000715e00000|  0%| F|  |TAMS 0x0000000715c00000, 0x0000000715c00000| Untracked 
|  87|0x0000000715e00000, 0x0000000715e00000, 0x0000000716000000|  0%| F|  |TAMS 0x0000000715e00000, 0x0000000715e00000| Untracked 
|  88|0x0000000716000000, 0x0000000716000000, 0x0000000716200000|  0%| F|  |TAMS 0x0000000716000000, 0x0000000716000000| Untracked 
|  89|0x0000000716200000, 0x0000000716200000, 0x0000000716400000|  0%| F|  |TAMS 0x0000000716200000, 0x0000000716200000| Untracked 
|  90|0x0000000716400000, 0x0000000716400000, 0x0000000716600000|  0%| F|  |TAMS 0x0000000716400000, 0x0000000716400000| Untracked 
|  91|0x0000000716600000, 0x0000000716600000, 0x0000000716800000|  0%| F|  |TAMS 0x0000000716600000, 0x0000000716600000| Untracked 
|  92|0x0000000716800000, 0x0000000716800000, 0x0000000716a00000|  0%| F|  |TAMS 0x0000000716800000, 0x0000000716800000| Untracked 
|  93|0x0000000716a00000, 0x0000000716a00000, 0x0000000716c00000|  0%| F|  |TAMS 0x0000000716a00000, 0x0000000716a00000| Untracked 
|  94|0x0000000716c00000, 0x0000000716c00000, 0x0000000716e00000|  0%| F|  |TAMS 0x0000000716c00000, 0x0000000716c00000| Untracked 
|  95|0x0000000716e00000, 0x0000000716e00000, 0x0000000717000000|  0%| F|  |TAMS 0x0000000716e00000, 0x0000000716e00000| Untracked 
|  96|0x0000000717000000, 0x0000000717000000, 0x0000000717200000|  0%| F|  |TAMS 0x0000000717000000, 0x0000000717000000| Untracked 
|  97|0x0000000717200000, 0x0000000717200000, 0x0000000717400000|  0%| F|  |TAMS 0x0000000717200000, 0x0000000717200000| Untracked 
|  98|0x0000000717400000, 0x0000000717400000, 0x0000000717600000|  0%| F|  |TAMS 0x0000000717400000, 0x0000000717400000| Untracked 
|  99|0x0000000717600000, 0x0000000717600000, 0x0000000717800000|  0%| F|  |TAMS 0x0000000717600000, 0x0000000717600000| Untracked 
| 100|0x0000000717800000, 0x0000000717800000, 0x0000000717a00000|  0%| F|  |TAMS 0x0000000717800000, 0x0000000717800000| Untracked 
| 101|0x0000000717a00000, 0x0000000717a00000, 0x0000000717c00000|  0%| F|  |TAMS 0x0000000717a00000, 0x0000000717a00000| Untracked 
| 102|0x0000000717c00000, 0x0000000717c00000, 0x0000000717e00000|  0%| F|  |TAMS 0x0000000717c00000, 0x0000000717c00000| Untracked 
| 103|0x0000000717e00000, 0x0000000717e00000, 0x0000000718000000|  0%| F|  |TAMS 0x0000000717e00000, 0x0000000717e00000| Untracked 
| 104|0x0000000718000000, 0x0000000718000000, 0x0000000718200000|  0%| F|  |TAMS 0x0000000718000000, 0x0000000718000000| Untracked 
| 105|0x0000000718200000, 0x0000000718200000, 0x0000000718400000|  0%| F|  |TAMS 0x0000000718200000, 0x0000000718200000| Untracked 
| 106|0x0000000718400000, 0x0000000718400000, 0x0000000718600000|  0%| F|  |TAMS 0x0000000718400000, 0x0000000718400000| Untracked 
| 107|0x0000000718600000, 0x0000000718600000, 0x0000000718800000|  0%| F|  |TAMS 0x0000000718600000, 0x0000000718600000| Untracked 
| 108|0x0000000718800000, 0x0000000718800000, 0x0000000718a00000|  0%| F|  |TAMS 0x0000000718800000, 0x0000000718800000| Untracked 
| 109|0x0000000718a00000, 0x0000000718a00000, 0x0000000718c00000|  0%| F|  |TAMS 0x0000000718a00000, 0x0000000718a00000| Untracked 
| 110|0x0000000718c00000, 0x0000000718d2b848, 0x0000000718e00000| 58%| S|CS|TAMS 0x0000000718c00000, 0x0000000718c00000| Complete 
| 111|0x0000000718e00000, 0x0000000719000000, 0x0000000719000000|100%| S|CS|TAMS 0x0000000718e00000, 0x0000000718e00000| Complete 
| 112|0x0000000719000000, 0x0000000719000000, 0x0000000719200000|  0%| F|  |TAMS 0x0000000719000000, 0x0000000719000000| Untracked 
| 113|0x0000000719200000, 0x0000000719200000, 0x0000000719400000|  0%| F|  |TAMS 0x0000000719200000, 0x0000000719200000| Untracked 
| 114|0x0000000719400000, 0x0000000719400000, 0x0000000719600000|  0%| F|  |TAMS 0x0000000719400000, 0x0000000719400000| Untracked 
| 115|0x0000000719600000, 0x0000000719600000, 0x0000000719800000|  0%| F|  |TAMS 0x0000000719600000, 0x0000000719600000| Untracked 
| 116|0x0000000719800000, 0x0000000719800000, 0x0000000719a00000|  0%| F|  |TAMS 0x0000000719800000, 0x0000000719800000| Untracked 
| 117|0x0000000719a00000, 0x0000000719a00000, 0x0000000719c00000|  0%| F|  |TAMS 0x0000000719a00000, 0x0000000719a00000| Untracked 
| 118|0x0000000719c00000, 0x0000000719cad2c8, 0x0000000719e00000| 33%| E|  |TAMS 0x0000000719c00000, 0x0000000719c00000| Complete 
| 119|0x0000000719e00000, 0x000000071a000000, 0x000000071a000000|100%| E|CS|TAMS 0x0000000719e00000, 0x0000000719e00000| Complete 
| 120|0x000000071a000000, 0x000000071a200000, 0x000000071a200000|100%| E|CS|TAMS 0x000000071a000000, 0x000000071a000000| Complete 
| 121|0x000000071a200000, 0x000000071a400000, 0x000000071a400000|100%| E|CS|TAMS 0x000000071a200000, 0x000000071a200000| Complete 
| 122|0x000000071a400000, 0x000000071a600000, 0x000000071a600000|100%| E|  |TAMS 0x000000071a400000, 0x000000071a400000| Complete 

Card table byte_map: [0x0000015630d20000,0x00000156314d0000] _byte_map_base: 0x000001562d4c8000

Marking Bits (Prev, Next): (CMBitMap*) 0x000001561959f160, (CMBitMap*) 0x000001561959f1a0
 Prev Bits: [0x0000015631c80000, 0x00000156359c0000)
 Next Bits: [0x00000156359c0000, 0x0000015639700000)

Polling page: 0x00000156174c0000

Metaspace:

Usage:
  Non-class:      6.43 MB used.
      Class:    549.81 KB used.
       Both:      6.97 MB used.

Virtual space:
  Non-class space:       16.00 MB reserved,       6.56 MB ( 41%) committed,  2 nodes.
      Class space:        1.00 GB reserved,     640.00 KB ( <1%) committed,  1 nodes.
             Both:        1.02 GB reserved,       7.19 MB ( <1%) committed. 

Chunk freelists:
   Non-Class:  3.17 MB
       Class:  3.31 MB
        Both:  6.48 MB

MaxMetaspaceSize: unlimited
CompressedClassSpaceSize: 1.00 GB
Initial GC threshold: 21.00 MB
Current GC threshold: 21.00 MB
CDS: on
MetaspaceReclaimPolicy: balanced
 - commit_granule_bytes: 65536.
 - commit_granule_words: 8192.
 - virtual_space_node_default_size: 1048576.
 - enlarge_chunks_in_place: 1.
 - new_chunks_are_fully_committed: 0.
 - uncommit_free_chunks: 1.
 - use_allocation_guard: 0.
 - handle_deallocations: 1.


Internal statistics:

num_allocs_failed_limit: 0.
num_arena_births: 68.
num_arena_deaths: 0.
num_vsnodes_births: 3.
num_vsnodes_deaths: 0.
num_space_committed: 113.
num_space_uncommitted: 0.
num_chunks_returned_to_freelist: 0.
num_chunks_taken_from_freelist: 271.
num_chunk_merges: 0.
num_chunk_splits: 202.
num_chunks_enlarged: 170.
num_purges: 0.
num_inconsistent_stats: 0.

CodeHeap 'non-profiled nmethods': size=120000Kb used=578Kb max_used=578Kb free=119421Kb
 bounds [0x0000015628af0000, 0x0000015628d60000, 0x0000015630020000]
CodeHeap 'profiled nmethods': size=120000Kb used=2479Kb max_used=2479Kb free=117520Kb
 bounds [0x00000156215c0000, 0x0000015621830000, 0x0000015628af0000]
CodeHeap 'non-nmethods': size=5760Kb used=1615Kb max_used=1641Kb free=4144Kb
 bounds [0x0000015621020000, 0x0000015621290000, 0x00000156215c0000]
 total_blobs=2467 nmethods=1422 adapters=958
 compilation: enabled
              stopped_count=0, restarted_count=0
 full_count=0

Compilation events (20 events):
Event: 6.060 Thread 0x000001563cd20310 1413       3       jdk.internal.loader.BuiltinClassLoader::findResourceOnClassPath (41 bytes)
Event: 6.060 Thread 0x000001563cd0dbf0 1414       4       java.lang.CharacterDataLatin1::toUpperCase (53 bytes)
Event: 6.061 Thread 0x000001563cd20310 nmethod 1413 0x0000015621828610 code [0x0000015621828840, 0x0000015621829118]
Event: 6.061 Thread 0x000001563cd20310 1412       3       java.security.AccessController::executePrivileged (65 bytes)
Event: 6.061 Thread 0x000001563cd20310 nmethod 1412 0x0000015621829390 code [0x0000015621829560, 0x0000015621829858]
Event: 6.061 Thread 0x000001563cd20310 1415       3       com.badlogic.gdx.graphics.g2d.BitmapFont$Glyph::getKerning (31 bytes)
Event: 6.061 Thread 0x000001563cd20310 nmethod 1415 0x0000015621829990 code [0x0000015621829b40, 0x0000015621829d58]
Event: 6.061 Thread 0x000001563cd0dbf0 nmethod 1414 0x0000015628b80210 code [0x0000015628b80380, 0x0000015628b80478]
Event: 6.061 Thread 0x000001563cd20310 1416       3       com.badlogic.gdx.utils.Array::<init> (7 bytes)
Event: 6.061 Thread 0x000001563cd20310 nmethod 1416 0x0000015621829e90 code [0x000001562182a040, 0x000001562182a318]
Event: 6.061 Thread 0x000001563cd20310 1418       3       com.badlogic.gdx.graphics.g2d.BitmapFont$BitmapFontData::getGlyph (25 bytes)
Event: 6.061 Thread 0x000001563cd20310 nmethod 1418 0x000001562182a410 code [0x000001562182a5c0, 0x000001562182a7d8]
Event: 6.061 Thread 0x000001563cd20310 1417       3       com.badlogic.gdx.scenes.scene2d.ui.Table::ensureSize (23 bytes)
Event: 6.062 Thread 0x000001563cd20310 nmethod 1417 0x000001562182a910 code [0x000001562182aae0, 0x000001562182aea8]
Event: 6.062 Thread 0x000001563cd20310 1419       3       java.lang.reflect.Array::newInstance (6 bytes)
Event: 6.062 Thread 0x000001563cd20310 nmethod 1419 0x000001562182b090 code [0x000001562182b220, 0x000001562182b328]
Event: 6.063 Thread 0x000001563cd20310 1421       3       jdk.internal.reflect.ClassFileAssembler::emitByte (11 bytes)
Event: 6.063 Thread 0x000001563cd20310 nmethod 1421 0x000001562182b410 code [0x000001562182b5c0, 0x000001562182b768]
Event: 6.063 Thread 0x000001563cd20310 1422       3       jdk.internal.reflect.ByteVectorImpl::add (38 bytes)
Event: 6.063 Thread 0x000001563cd20310 nmethod 1422 0x000001562182b890 code [0x000001562182ba40, 0x000001562182bc28]

GC Heap History (2 events):
Event: 2.115 GC heap before
{Heap before GC invocations=0 (full 0):
 garbage-first heap   total 251904K, used 22528K [0x000000070b000000, 0x0000000800000000)
  region size 2048K, 11 young (22528K), 0 survivors (0K)
 Metaspace       used 6547K, committed 6720K, reserved 1064960K
  class space    used 504K, committed 576K, reserved 1048576K
}
Event: 2.117 GC heap after
{Heap after GC invocations=1 (full 0):
 garbage-first heap   total 251904K, used 3246K [0x000000070b000000, 0x0000000800000000)
  region size 2048K, 2 young (4096K), 2 survivors (4096K)
 Metaspace       used 6547K, committed 6720K, reserved 1064960K
  class space    used 504K, committed 576K, reserved 1048576K
}

Dll operation events (9 events):
Event: 0.007 Loaded shared library C:\Users\envy\.jdks\corretto-17.0.5\bin\java.dll
Event: 0.013 Loaded shared library C:\Users\envy\.jdks\corretto-17.0.5\bin\jsvml.dll
Event: 0.078 Loaded shared library C:\Users\envy\.jdks\corretto-17.0.5\bin\net.dll
Event: 0.079 Loaded shared library C:\Users\envy\.jdks\corretto-17.0.5\bin\nio.dll
Event: 0.081 Loaded shared library C:\Users\envy\.jdks\corretto-17.0.5\bin\zip.dll
Event: 0.138 Loaded shared library C:\Users\envy\.jdks\corretto-17.0.5\bin\jimage.dll
Event: 0.144 Loaded shared library C:\Users\envy\AppData\Local\Temp\libgdxenvy\e787ab0a\gdx64.dll
Event: 0.195 Loaded shared library C:\Users\envy\AppData\Local\Temp\lwjglenvy\3.3.1-build-7\lwjgl.dll
Event: 0.879 Loaded shared library C:\Users\envy\AppData\Local\Temp\lwjglenvy\3.3.1-build-7\lwjgl_opengl.dll

Deoptimization events (20 events):
Event: 2.107 Thread 0x0000015619532a70 DEOPT PACKING pc=0x0000015621743cd6 sp=0x00000039421fe3e0
Event: 2.107 Thread 0x0000015619532a70 DEOPT UNPACKING pc=0x0000015621072b43 sp=0x00000039421fd880 mode 0
Event: 2.115 Thread 0x0000015619532a70 DEOPT PACKING pc=0x0000015621743cd6 sp=0x00000039421fde10
Event: 2.115 Thread 0x0000015619532a70 DEOPT UNPACKING pc=0x0000015621072b43 sp=0x00000039421fd2b0 mode 0
Event: 2.118 Thread 0x0000015619532a70 DEOPT PACKING pc=0x0000015621743cd6 sp=0x00000039421fde10
Event: 2.118 Thread 0x0000015619532a70 DEOPT UNPACKING pc=0x0000015621072b43 sp=0x00000039421fd2b0 mode 0
Event: 2.119 Thread 0x0000015619532a70 DEOPT PACKING pc=0x0000015621743cd6 sp=0x00000039421fde20
Event: 2.119 Thread 0x0000015619532a70 DEOPT UNPACKING pc=0x0000015621072b43 sp=0x00000039421fd2a8 mode 0
Event: 4.369 Thread 0x0000015619532a70 DEOPT PACKING pc=0x0000015621743cd6 sp=0x00000039421fe5d0
Event: 4.369 Thread 0x0000015619532a70 DEOPT UNPACKING pc=0x0000015621072b43 sp=0x00000039421fda58 mode 0
Event: 4.402 Thread 0x0000015619532a70 DEOPT PACKING pc=0x000001562168b13b sp=0x00000039421fdc50
Event: 4.402 Thread 0x0000015619532a70 DEOPT UNPACKING pc=0x0000015621072b43 sp=0x00000039421fd0b0 mode 0
Event: 4.433 Thread 0x0000015619532a70 Uncommon trap: trap_request=0xffffff45 fr.pc=0x0000015628b6263c relative=0x000000000000011c
Event: 4.433 Thread 0x0000015619532a70 Uncommon trap: reason=unstable_if action=reinterpret pc=0x0000015628b6263c method=com.badlogic.gdx.maps.tiled.TiledMapTileLayer.getCell(II)Lcom/badlogic/gdx/maps/tiled/TiledMapTileLayer$Cell; @ 23 c2
Event: 4.433 Thread 0x0000015619532a70 DEOPT PACKING pc=0x0000015628b6263c sp=0x00000039421fedf0
Event: 4.433 Thread 0x0000015619532a70 DEOPT UNPACKING pc=0x00000156210723a3 sp=0x00000039421fed98 mode 2
Event: 4.488 Thread 0x0000015619532a70 DEOPT PACKING pc=0x00000156218009cc sp=0x00000039421feee0
Event: 4.488 Thread 0x0000015619532a70 DEOPT UNPACKING pc=0x0000015621072b43 sp=0x00000039421fe308 mode 0
Event: 4.490 Thread 0x0000015619532a70 DEOPT PACKING pc=0x00000156218009cc sp=0x00000039421feee0
Event: 4.491 Thread 0x0000015619532a70 DEOPT UNPACKING pc=0x0000015621072b43 sp=0x00000039421fe308 mode 0

Classes unloaded (0 events):
No events

Classes redefined (0 events):
No events

Internal exceptions (20 events):
Event: 0.173 Thread 0x0000015619532a70 Exception <a 'java/lang/NoSuchMethodError'{0x0000000719ece078}: 'int java.lang.invoke.DirectMethodHandle$Holder.invokeSpecial(java.lang.Object, java.lang.Object, java.lang.Object)'> (0x0000000719ece078) 
thrown [s\src\hotspot\share\interpreter\linkResolver.cpp, line 759]
Event: 0.193 Thread 0x0000015619532a70 Exception <a 'sun/nio/fs/WindowsException'{0x0000000719f6b960}> (0x0000000719f6b960) 
thrown [s\src\hotspot\share\prims\jni.cpp, line 516]
Event: 0.194 Thread 0x0000015619532a70 Exception <a 'sun/nio/fs/WindowsException'{0x0000000719f6bea8}> (0x0000000719f6bea8) 
thrown [s\src\hotspot\share\prims\jni.cpp, line 516]
Event: 0.201 Thread 0x0000015619532a70 Exception <a 'java/lang/NoSuchMethodError'{0x0000000719faca00}: 'int java.lang.invoke.DirectMethodHandle$Holder.invokeStaticInit(java.lang.Object, java.lang.Object, int, long)'> (0x0000000719faca00) 
thrown [s\src\hotspot\share\interpreter\linkResolver.cpp, line 759]
Event: 0.202 Thread 0x0000015619532a70 Exception <a 'java/lang/NoSuchMethodError'{0x0000000719fb22c8}: 'java.lang.Object java.lang.invoke.DirectMethodHandle$Holder.newInvokeSpecial(java.lang.Object, java.lang.Object, int)'> (0x0000000719fb22c8) 
thrown [s\src\hotspot\share\interpreter\linkResolver.cpp, line 759]
Event: 0.203 Thread 0x0000015619532a70 Exception <a 'java/lang/NoSuchMethodError'{0x0000000719fc7118}: 'int java.lang.invoke.DirectMethodHandle$Holder.invokeStaticInit(java.lang.Object, java.lang.Object, long, long)'> (0x0000000719fc7118) 
thrown [s\src\hotspot\share\interpreter\linkResolver.cpp, line 759]
Event: 0.204 Thread 0x0000015619532a70 Exception <a 'java/lang/NoSuchMethodError'{0x0000000719fcd228}: 'java.lang.Object java.lang.invoke.DirectMethodHandle$Holder.newInvokeSpecial(java.lang.Object, java.lang.Object, long)'> (0x0000000719fcd228) 
thrown [s\src\hotspot\share\interpreter\linkResolver.cpp, line 759]
Event: 0.204 Thread 0x0000015619532a70 Exception <a 'java/lang/NoSuchMethodError'{0x0000000719fd1270}: 'java.lang.Object java.lang.invoke.Invokers$Holder.linkToTargetMethod(java.lang.Object, long, java.lang.Object)'> (0x0000000719fd1270) 
thrown [s\src\hotspot\share\interpreter\linkResolver.cpp, line 759]
Event: 0.205 Thread 0x0000015619532a70 Exception <a 'java/lang/NoSuchMethodError'{0x0000000719fd8988}: 'int java.lang.invoke.DirectMethodHandle$Holder.invokeStaticInit(java.lang.Object, java.lang.Object, java.lang.Object, long)'> (0x0000000719fd8988) 
thrown [s\src\hotspot\share\interpreter\linkResolver.cpp, line 759]
Event: 0.217 Thread 0x0000015619532a70 Exception <a 'sun/nio/fs/WindowsException'{0x0000000719c922e8}> (0x0000000719c922e8) 
thrown [s\src\hotspot\share\prims\jni.cpp, line 516]
Event: 0.217 Thread 0x0000015619532a70 Exception <a 'sun/nio/fs/WindowsException'{0x0000000719c92678}> (0x0000000719c92678) 
thrown [s\src\hotspot\share\prims\jni.cpp, line 516]
Event: 0.235 Thread 0x0000015619532a70 Exception <a 'sun/nio/fs/WindowsException'{0x0000000719d51fc8}> (0x0000000719d51fc8) 
thrown [s\src\hotspot\share\prims\jni.cpp, line 516]
Event: 0.235 Thread 0x0000015619532a70 Exception <a 'sun/nio/fs/WindowsException'{0x0000000719d52328}> (0x0000000719d52328) 
thrown [s\src\hotspot\share\prims\jni.cpp, line 516]
Event: 0.268 Thread 0x0000015619532a70 Exception <a 'sun/nio/fs/WindowsException'{0x0000000719de4920}> (0x0000000719de4920) 
thrown [s\src\hotspot\share\prims\jni.cpp, line 516]
Event: 0.268 Thread 0x0000015619532a70 Exception <a 'sun/nio/fs/WindowsException'{0x0000000719de4c98}> (0x0000000719de4c98) 
thrown [s\src\hotspot\share\prims\jni.cpp, line 516]
Event: 0.638 Thread 0x0000015619532a70 Exception <a 'java/lang/NoSuchMethodError'{0x0000000719a2ffe8}: 'java.lang.Object java.lang.invoke.DirectMethodHandle$Holder.newInvokeSpecial(java.lang.Object, long)'> (0x0000000719a2ffe8) 
thrown [s\src\hotspot\share\interpreter\linkResolver.cpp, line 759]
Event: 0.877 Thread 0x0000015619532a70 Exception <a 'sun/nio/fs/WindowsException'{0x0000000719b5a560}> (0x0000000719b5a560) 
thrown [s\src\hotspot\share\prims\jni.cpp, line 516]
Event: 0.877 Thread 0x0000015619532a70 Exception <a 'sun/nio/fs/WindowsException'{0x0000000719b5a8f0}> (0x0000000719b5a8f0) 
thrown [s\src\hotspot\share\prims\jni.cpp, line 516]
Event: 0.880 Thread 0x0000015619532a70 Exception <a 'sun/nio/fs/WindowsException'{0x0000000719b69c00}> (0x0000000719b69c00) 
thrown [s\src\hotspot\share\prims\jni.cpp, line 516]
Event: 0.880 Thread 0x0000015619532a70 Exception <a 'sun/nio/fs/WindowsException'{0x0000000719b69ed0}> (0x0000000719b69ed0) 
thrown [s\src\hotspot\share\prims\jni.cpp, line 516]

VM Operations (18 events):
Event: 0.089 Executing VM operation: HandshakeAllThreads
Event: 0.089 Executing VM operation: HandshakeAllThreads done
Event: 0.141 Executing VM operation: HandshakeAllThreads
Event: 0.141 Executing VM operation: HandshakeAllThreads done
Event: 0.171 Executing VM operation: HandshakeAllThreads
Event: 0.171 Executing VM operation: HandshakeAllThreads done
Event: 0.938 Executing VM operation: HandshakeAllThreads
Event: 0.938 Executing VM operation: HandshakeAllThreads done
Event: 1.480 Executing VM operation: HandshakeAllThreads
Event: 1.480 Executing VM operation: HandshakeAllThreads done
Event: 1.480 Executing VM operation: Cleanup
Event: 1.480 Executing VM operation: Cleanup done
Event: 2.115 Executing VM operation: G1CollectForAllocation
Event: 2.117 Executing VM operation: G1CollectForAllocation done
Event: 4.117 Executing VM operation: Cleanup
Event: 4.117 Executing VM operation: Cleanup done
Event: 5.118 Executing VM operation: Cleanup
Event: 5.118 Executing VM operation: Cleanup done

Events (20 events):
Event: 6.063 loading class jdk/internal/reflect/ByteVectorImpl
Event: 6.063 loading class jdk/internal/reflect/ByteVector
Event: 6.063 loading class jdk/internal/reflect/ByteVector done
Event: 6.063 loading class jdk/internal/reflect/ByteVectorImpl done
Event: 6.063 loading class jdk/internal/reflect/ClassFileAssembler
Event: 6.063 loading class jdk/internal/reflect/ClassFileAssembler done
Event: 6.063 loading class jdk/internal/reflect/UTF8
Event: 6.063 loading class jdk/internal/reflect/UTF8 done
Event: 6.063 loading class jdk/internal/reflect/Label
Event: 6.063 loading class jdk/internal/reflect/Label done
Event: 6.063 loading class jdk/internal/reflect/Label$PatchInfo
Event: 6.063 loading class jdk/internal/reflect/Label$PatchInfo done
Event: 6.063 loading class jdk/internal/reflect/MethodAccessorGenerator$1
Event: 6.063 loading class jdk/internal/reflect/MethodAccessorGenerator$1 done
Event: 6.063 loading class jdk/internal/reflect/ClassDefiner
Event: 6.063 loading class jdk/internal/reflect/ClassDefiner done
Event: 6.063 loading class jdk/internal/reflect/ClassDefiner$1
Event: 6.063 loading class jdk/internal/reflect/ClassDefiner$1 done
Event: 6.064 loading class jdk/internal/reflect/BootstrapConstructorAccessorImpl
Event: 6.064 loading class jdk/internal/reflect/BootstrapConstructorAccessorImpl done


Dynamic libraries:
0x00007ff7b5130000 - 0x00007ff7b513d000 	C:\Users\envy\.jdks\corretto-17.0.5\bin\java.exe
0x00007ffddb2b0000 - 0x00007ffddb4c4000 	C:\WINDOWS\SYSTEM32\ntdll.dll
0x00007ffdda6c0000 - 0x00007ffdda783000 	C:\WINDOWS\System32\KERNEL32.DLL
0x00007ffdd8980000 - 0x00007ffdd8d1d000 	C:\WINDOWS\System32\KERNELBASE.dll
0x00007ffdd8d50000 - 0x00007ffdd8e61000 	C:\WINDOWS\System32\ucrtbase.dll
0x00007ffda36f0000 - 0x00007ffda3707000 	C:\Users\envy\.jdks\corretto-17.0.5\bin\jli.dll
0x00007ffd9acd0000 - 0x00007ffd9ace5000 	C:\Users\envy\.jdks\corretto-17.0.5\bin\VCRUNTIME140.dll
0x00007ffdd90b0000 - 0x00007ffdd925d000 	C:\WINDOWS\System32\USER32.dll
0x00007ffdd8d20000 - 0x00007ffdd8d46000 	C:\WINDOWS\System32\win32u.dll
0x00007ffdc4470000 - 0x00007ffdc46fe000 	C:\WINDOWS\WinSxS\amd64_microsoft.windows.common-controls_6595b64144ccf1df_6.0.22621.608_none_a9444ca7c10bb01d\COMCTL32.dll
0x00007ffdd9380000 - 0x00007ffdd93a9000 	C:\WINDOWS\System32\GDI32.dll
0x00007ffdda7e0000 - 0x00007ffdda887000 	C:\WINDOWS\System32\msvcrt.dll
0x00007ffdd8f80000 - 0x00007ffdd9092000 	C:\WINDOWS\System32\gdi32full.dll
0x00007ffdd8ee0000 - 0x00007ffdd8f7a000 	C:\WINDOWS\System32\msvcp_win.dll
0x00007ffdd9c70000 - 0x00007ffdd9ca2000 	C:\WINDOWS\System32\IMM32.DLL
0x00007ffd7b880000 - 0x00007ffd7b91b000 	C:\Users\envy\.jdks\corretto-17.0.5\bin\msvcp140.dll
0x00007ffd4eed0000 - 0x00007ffd4fae4000 	C:\Users\envy\.jdks\corretto-17.0.5\bin\server\jvm.dll
0x00007ffddb030000 - 0x00007ffddb0de000 	C:\WINDOWS\System32\ADVAPI32.dll
0x00007ffdd9f80000 - 0x00007ffdda024000 	C:\WINDOWS\System32\sechost.dll
0x00007ffdd9260000 - 0x00007ffdd9375000 	C:\WINDOWS\System32\RPCRT4.dll
0x00007ffdd03c0000 - 0x00007ffdd03ca000 	C:\WINDOWS\SYSTEM32\VERSION.dll
0x00007ffdb1a80000 - 0x00007ffdb1a89000 	C:\WINDOWS\SYSTEM32\WSOCK32.dll
0x00007ffdd0a20000 - 0x00007ffdd0a54000 	C:\WINDOWS\SYSTEM32\WINMM.dll
0x00007ffdd9bf0000 - 0x00007ffdd9c61000 	C:\WINDOWS\System32\WS2_32.dll
0x00007ffdd7700000 - 0x00007ffdd7718000 	C:\WINDOWS\SYSTEM32\kernel.appcore.dll
0x00007ffdbe790000 - 0x00007ffdbe79a000 	C:\Users\envy\.jdks\corretto-17.0.5\bin\jimage.dll
0x00007ffdd5f80000 - 0x00007ffdd61ae000 	C:\WINDOWS\SYSTEM32\DBGHELP.DLL
0x00007ffddab70000 - 0x00007ffddaefa000 	C:\WINDOWS\System32\combase.dll
0x00007ffddaa30000 - 0x00007ffddab07000 	C:\WINDOWS\System32\OLEAUT32.dll
0x00007ffdc2a30000 - 0x00007ffdc2a62000 	C:\WINDOWS\SYSTEM32\dbgcore.DLL
0x00007ffdd8840000 - 0x00007ffdd88bb000 	C:\WINDOWS\System32\bcryptPrimitives.dll
0x00007ffd975b0000 - 0x00007ffd975d5000 	C:\Users\envy\.jdks\corretto-17.0.5\bin\java.dll
0x00007ffd52230000 - 0x00007ffd52306000 	C:\Users\envy\.jdks\corretto-17.0.5\bin\jsvml.dll
0x00007ffdd9400000 - 0x00007ffdd9bef000 	C:\WINDOWS\System32\SHELL32.dll
0x00007ffdd66b0000 - 0x00007ffdd6f78000 	C:\WINDOWS\SYSTEM32\windows.storage.dll
0x00007ffdd6570000 - 0x00007ffdd66ae000 	C:\WINDOWS\SYSTEM32\wintypes.dll
0x00007ffdda040000 - 0x00007ffdda131000 	C:\WINDOWS\System32\SHCORE.dll
0x00007ffddb210000 - 0x00007ffddb26e000 	C:\WINDOWS\System32\shlwapi.dll
0x00007ffdd8600000 - 0x00007ffdd8621000 	C:\WINDOWS\SYSTEM32\profapi.dll
0x00007ffd9acb0000 - 0x00007ffd9acc9000 	C:\Users\envy\.jdks\corretto-17.0.5\bin\net.dll
0x00007ffdd2b80000 - 0x00007ffdd2caf000 	C:\WINDOWS\SYSTEM32\WINHTTP.dll
0x00007ffdd7b70000 - 0x00007ffdd7bd9000 	C:\WINDOWS\system32\mswsock.dll
0x00007ffd9ac60000 - 0x00007ffd9ac75000 	C:\Users\envy\.jdks\corretto-17.0.5\bin\nio.dll
0x00007ffd948d0000 - 0x00007ffd948e8000 	C:\Users\envy\.jdks\corretto-17.0.5\bin\zip.dll
0x0000000061070000 - 0x0000000061099000 	C:\Users\envy\AppData\Local\Temp\libgdxenvy\e787ab0a\gdx64.dll
0x00007ffd863f0000 - 0x00007ffd86465000 	C:\Users\envy\AppData\Local\Temp\lwjglenvy\3.3.1-build-7\lwjgl.dll
0x00007ffd51e80000 - 0x00007ffd520d9000 	C:\Users\envy\AppData\Local\Temp\lwjglenvy\3.3.1-build-7\jemalloc.dll
0x00007ffd86380000 - 0x00007ffd863e1000 	C:\Users\envy\AppData\Local\Temp\lwjglenvy\3.3.1-build-7\glfw.dll
0x00007ffd7d5d0000 - 0x00007ffd7d616000 	C:\WINDOWS\SYSTEM32\dinput8.dll
0x00007ffd827d0000 - 0x00007ffd827e1000 	C:\WINDOWS\SYSTEM32\xinput1_4.dll
0x00007ffdd82d0000 - 0x00007ffdd831e000 	C:\WINDOWS\SYSTEM32\cfgmgr32.dll
0x00007ffdd8290000 - 0x00007ffdd82c3000 	C:\WINDOWS\SYSTEM32\DEVOBJ.dll
0x00007ffdd5a10000 - 0x00007ffdd5a3b000 	C:\WINDOWS\SYSTEM32\dwmapi.dll
0x00007ffdc2e10000 - 0x00007ffdc3011000 	C:\WINDOWS\SYSTEM32\inputhost.dll
0x00007ffdd5170000 - 0x00007ffdd52a3000 	C:\WINDOWS\SYSTEM32\CoreMessaging.dll
0x00007ffdd57a0000 - 0x00007ffdd584b000 	C:\WINDOWS\system32\uxtheme.dll
0x00007ffdd7e00000 - 0x00007ffdd7e0c000 	C:\WINDOWS\SYSTEM32\CRYPTBASE.DLL
0x00007ffddb0f0000 - 0x00007ffddb20e000 	C:\WINDOWS\System32\MSCTF.dll
0x00007ffd51ce0000 - 0x00007ffd51e77000 	C:\Users\envy\AppData\Local\Temp\lwjglenvy\3.3.1-build-7\OpenAL.dll
0x00007ffdda890000 - 0x00007ffddaa2c000 	C:\WINDOWS\System32\ole32.dll
0x00007ffddaf00000 - 0x00007ffddafb7000 	C:\WINDOWS\System32\clbcatq.dll
0x00007ffdc7bc0000 - 0x00007ffdc7c5d000 	C:\WINDOWS\System32\MMDevApi.dll
0x00007ffdbf7b0000 - 0x00007ffdbf995000 	C:\WINDOWS\SYSTEM32\AUDIOSES.DLL
0x00007ffdd5d70000 - 0x00007ffdd5d85000 	C:\WINDOWS\SYSTEM32\resourcepolicyclient.dll
0x00007ffdd85a0000 - 0x00007ffdd85ed000 	C:\WINDOWS\SYSTEM32\powrprof.dll
0x00007ffdd8580000 - 0x00007ffdd8593000 	C:\WINDOWS\SYSTEM32\UMPDC.dll
0x00007ffd94c30000 - 0x00007ffd94d30000 	C:\WINDOWS\SYSTEM32\opengl32.dll
0x00007ffd662c0000 - 0x00007ffd662ed000 	C:\WINDOWS\SYSTEM32\GLU32.dll
0x00007ffdd58b0000 - 0x00007ffdd58e6000 	C:\WINDOWS\SYSTEM32\dxcore.dll
0x00007ffdbe390000 - 0x00007ffdbe3d9000 	C:\WINDOWS\SYSTEM32\directxdatabasehelper.dll
0x00007ffdd0d00000 - 0x00007ffdd0e36000 	C:\Windows\System32\AppXDeploymentClient.dll
0x00007ffdb2150000 - 0x00007ffdb2246000 	C:\Windows\System32\Windows.ApplicationModel.dll
0x00007ffdd5580000 - 0x00007ffdd5680000 	C:\WINDOWS\system32\propsys.dll
0x00007ffdd5470000 - 0x00007ffdd5507000 	C:\WINDOWS\SYSTEM32\apphelp.dll
0x00007ffdc3dd0000 - 0x00007ffdc3dea000 	C:\WINDOWS\system32\NetworkExplorer.dll
0x00007ffd9f580000 - 0x00007ffd9f5a6000 	C:\WINDOWS\system32\mssprxy.dll
0x00007ffdb6540000 - 0x00007ffdb656c000 	C:\WINDOWS\System32\DriverStore\FileRepository\u0375694.inf_amd64_62ed8923349516fa\B374868\atig6pxx.dll
0x00007ffd1b010000 - 0x00007ffd1de53000 	C:\WINDOWS\System32\DriverStore\FileRepository\u0375694.inf_amd64_62ed8923349516fa\B374868\atio6axx.dll
0x00007ffdda240000 - 0x00007ffdda6ba000 	C:\WINDOWS\System32\SETUPAPI.dll
0x00007ffda0770000 - 0x00007ffda0795000 	C:\WINDOWS\SYSTEM32\dxva2.dll
0x00007ffd9fce0000 - 0x00007ffd9fd1f000 	C:\WINDOWS\System32\DriverStore\FileRepository\u0375694.inf_amd64_62ed8923349516fa\B374868\atig6txx.dll
0x00007ffd55b30000 - 0x00007ffd55cfc000 	C:\WINDOWS\SYSTEM32\atiadlxx.dll
0x00007ffddb0e0000 - 0x00007ffddb0e8000 	C:\WINDOWS\System32\PSAPI.DLL
0x00007ffd94f30000 - 0x00007ffd94f80000 	C:\WINDOWS\SYSTEM32\pdh.dll
0x00007ffdd8e70000 - 0x00007ffdd8edb000 	C:\WINDOWS\System32\WINTRUST.dll
0x00007ffdd86d0000 - 0x00007ffdd8836000 	C:\WINDOWS\System32\CRYPT32.dll
0x00007ffdd7e40000 - 0x00007ffdd7e52000 	C:\WINDOWS\SYSTEM32\MSASN1.dll
0x00007ffd53320000 - 0x00007ffd5337d000 	C:\Users\envy\AppData\Local\Temp\lwjglenvy\3.3.1-build-7\lwjgl_opengl.dll
0x00007ffdd0aa0000 - 0x00007ffdd0bcd000 	C:\WINDOWS\SYSTEM32\textinputframework.dll
0x00007ffdbebe0000 - 0x00007ffdbef4c000 	C:\WINDOWS\SYSTEM32\CoreUIComponents.dll
0x00007ffda7cd0000 - 0x00007ffda7d39000 	C:\WINDOWS\system32\Oleacc.dll
0x00007ffda89c0000 - 0x00007ffda8e01000 	C:\Windows\System32\uiautomationcore.dll

dbghelp: loaded successfully - version: 4.0.5 - missing functions: none
symbol engine: initialized successfully - sym options: 0x614 - pdb path: .;C:\Users\envy\.jdks\corretto-17.0.5\bin;C:\WINDOWS\SYSTEM32;C:\WINDOWS\WinSxS\amd64_microsoft.windows.common-controls_6595b64144ccf1df_6.0.22621.608_none_a9444ca7c10bb01d;C:\Users\envy\.jdks\corretto-17.0.5\bin\server;C:\Users\envy\AppData\Local\Temp\libgdxenvy\e787ab0a;C:\Users\envy\AppData\Local\Temp\lwjglenvy\3.3.1-build-7;C:\WINDOWS\System32\DriverStore\FileRepository\u0375694.inf_amd64_62ed8923349516fa\B374868

VM Arguments:
jvm_args: -Dfile.encoding=windows-1252 -Duser.country=IN -Duser.language=en -Duser.variant 
java_command: com.mygdx.game.DesktopLauncher
java_class_path (initial): C:\Users\envy\OneDrive\Desktop\GameProject\desktop\build\classes\java\main;C:\Users\envy\OneDrive\Desktop\GameProject\desktop\build\resources\main;C:\Users\envy\.gradle\caches\modules-2\files-2.1\com.badlogicgames.gdx\gdx-backend-lwjgl3\1.11.0\58a96db4cd349be4292d547856aa1e1c5f065f4e\gdx-backend-lwjgl3-1.11.0.jar;C:\Users\envy\.gradle\caches\modules-2\files-2.1\com.badlogicgames.gdx\gdx-platform\1.11.0\697fb13eada6d3c6ca648c9788692b0159add126\gdx-platform-1.11.0-natives-desktop.jar;C:\Users\envy\.gradle\caches\modules-2\files-2.1\com.badlogicgames.gdx\gdx-bullet-platform\1.11.0\2c067b913a306ba26d482075297538ad91cdb88b\gdx-bullet-platform-1.11.0-natives-desktop.jar;C:\Users\envy\.gradle\caches\modules-2\files-2.1\com.badlogicgames.gdx\gdx-freetype-platform\1.11.0\420e2c2c206843a0d51010be28a141a1eb946235\gdx-freetype-platform-1.11.0-natives-desktop.jar;C:\Users\envy\.gradle\caches\modules-2\files-2.1\com.badlogicgames.gdx-controllers\gdx-controllers-desktop\2.2.1\cb3430c32468a090eca54d494d16bb3764ceff9b\gdx-controllers-desktop-2.2.1.jar;C:\Users\envy\.gradle\caches\modules-2\files-2.1\com.badlogicgames.gdx\gdx-box2d-platform\1.11.0\62ff9baa1e57a11e0a4428a38c9660bf9f312fdc\gdx-box2d-platform-1.11.0-natives-desktop.jar;C:\Users\envy\OneDrive\Desktop\GameProject\core\build\libs\core-1.0.jar;C:\Users\envy\.gradle\caches\modules-2\files-2.1\com.badlogicgames.gdx-controllers\gdx-controllers-core\2.2.1\8aca0dc002a8daf6a6d28f49c44e25189dd93fd7\gdx-controllers-core-2.2.1.jar;C:\Users\envy\.gradle\caches\modules-2\files-2.1\com.badlogicgames.gdx\gdx-bullet\1.11.0\1eb83845fa655e7e8ab6bbb979d28b0502ad3302\gdx-bullet-1.11.0.jar;C:\Users\envy\.gradle\caches\modules-2\files-2.1\com.badlogicgames.gdx\gdx-freetype\1.11.0\a3634ad2e6c56d251268d6ab5c0f66eee2841f2c\gdx-freetype-1.11.0.jar;C:\Users\envy\.gradle\caches\modules-2\files-2.1\com.badlogicgames.ashley\ashley\1.7.4\21a3a8932919099c4e5006a7d8378dcbe76ef8a5\ashley-1.7.4.jar;C:\Users\envy\.gradle\caches\
Launcher Type: SUN_STANDARD

[Global flags]
     intx CICompilerCount                          = 4                                         {product} {ergonomic}
     uint ConcGCThreads                            = 3                                         {product} {ergonomic}
     uint G1ConcRefinementThreads                  = 10                                        {product} {ergonomic}
   size_t G1HeapRegionSize                         = 2097152                                   {product} {ergonomic}
    uintx GCDrainStackTargetSize                   = 64                                        {product} {ergonomic}
   size_t InitialHeapSize                          = 257949696                                 {product} {ergonomic}
   size_t MarkStackSize                            = 4194304                                   {product} {ergonomic}
   size_t MaxHeapSize                              = 4110417920                                {product} {ergonomic}
   size_t MaxNewSize                               = 2466250752                                {product} {ergonomic}
   size_t MinHeapDeltaBytes                        = 2097152                                   {product} {ergonomic}
   size_t MinHeapSize                              = 8388608                                   {product} {ergonomic}
    uintx NonNMethodCodeHeapSize                   = 5839372                                {pd product} {ergonomic}
    uintx NonProfiledCodeHeapSize                  = 122909434                              {pd product} {ergonomic}
    uintx ProfiledCodeHeapSize                     = 122909434                              {pd product} {ergonomic}
    uintx ReservedCodeCacheSize                    = 251658240                              {pd product} {ergonomic}
     bool SegmentedCodeCache                       = true                                      {product} {ergonomic}
   size_t SoftMaxHeapSize                          = 4110417920                             {manageable} {ergonomic}
     bool UseCompressedClassPointers               = true                           {product lp64_product} {ergonomic}
     bool UseCompressedOops                        = true                           {product lp64_product} {ergonomic}
     bool UseG1GC                                  = true                                      {product} {ergonomic}
     bool UseLargePagesIndividualAllocation        = false                                  {pd product} {ergonomic}

Logging:
Log output configuration:
 #0: stdout all=warning uptime,level,tags
 #1: stderr all=off uptime,level,tags

Environment Variables:
PATH=C:\Program Files\Common Files\Oracle\Java\javapath;C:\WINDOWS\system32;C:\WINDOWS;C:\WINDOWS\System32\Wbem;C:\WINDOWS\System32\WindowsPowerShell\v1.0\;C:\WINDOWS\System32\OpenSSH\;C:\ProgramData\chocolatey\bin;C:\Program Files\Git\cmd;C:\Program Files\dotnet\;C:\Program Files\nodejs\;C:\Users\envy\AppData\Local\Programs\Python\Python39\Scripts\;C:\Users\envy\AppData\Local\Programs\Python\Python39\;C:\Users\envy\miniconda3;C:\Users\envy\miniconda3\Library\mingw-w64\bin;C:\Users\envy\miniconda3\Library\usr\bin;C:\Users\envy\miniconda3\Library\bin;C:\Users\envy\miniconda3\Scripts;C:\Users\envy\AppData\Local\Microsoft\WindowsApps;C:\Users\envy\AppData\Local\Programs\Microsoft VS Code\bin;C:\MinGW\mingw32\bin;C:\MinGW\bin;C:\Users\envy\AppData\Local\Programs\Python\Python310\Scripts;C:\Program Files\Java\jdk-19\bin;;C:\Program Files\JetBrains\IntelliJ IDEA Community Edition 2022.2.2\bin;;C:\Users\envy\AppData\Roaming\npm
USERNAME=envy
OS=Windows_NT
PROCESSOR_IDENTIFIER=AMD64 Family 25 Model 80 Stepping 0, AuthenticAMD
TMP=C:\Users\envy\AppData\Local\Temp
TEMP=C:\Users\envy\AppData\Local\Temp



---------------  S Y S T E M  ---------------

OS:
 Windows 11 , 64 bit Build 22621 (10.0.22621.963)
OS uptime: 1 days 6:48 hours
Hyper-V role detected

CPU: total 12 (initial active 12) (12 cores per cpu, 2 threads per core) family 25 model 80 stepping 0 microcode 0x0, cx8, cmov, fxsr, ht, mmx, 3dnowpref, sse, sse2, sse3, ssse3, sse4a, sse4.1, sse4.2, popcnt, lzcnt, tsc, tscinvbit, avx, avx2, aes, erms, clmul, bmi1, bmi2, adx, sha, fma, vzeroupper, clflush, clflushopt, hv

Memory: 4k page, system-wide physical 15679M (5608M free)
TotalPageFile size 33087M (AvailPageFile size 17940M)
current process WorkingSet (physical memory assigned to process): 209M, peak: 260M
current process commit charge ("private bytes"): 630M, peak: 677M

vm_info: OpenJDK 64-Bit Server VM (17.0.5+8-LTS) for windows-amd64 JRE (17.0.5+8-LTS), built on Oct 13 2022 05:18:14 by "Administrator" with MS VC++ 15.9 (VS2017)

END.
